mode: set
github.com/api7/api7-ee-3-dashboard/internal/apisix/global_rule.go:19.77,22.2 2 0
github.com/api7/api7-ee-3-dashboard/internal/apisix/global_rule.go:24.117,33.2 2 0
github.com/api7/api7-ee-3-dashboard/internal/apisix/route.go:44.67,48.2 2 0
github.com/api7/api7-ee-3-dashboard/internal/apisix/route.go:50.88,64.60 2 1
github.com/api7/api7-ee-3-dashboard/internal/apisix/route.go:64.60,66.3 1 1
github.com/api7/api7-ee-3-dashboard/internal/apisix/route.go:68.2,68.71 1 1
github.com/api7/api7-ee-3-dashboard/internal/apisix/route.go:68.71,70.3 1 0
github.com/api7/api7-ee-3-dashboard/internal/apisix/route.go:72.2,74.3 1 1
github.com/api7/api7-ee-3-dashboard/internal/apisix/service.go:72.65,77.33 2 0
github.com/api7/api7-ee-3-dashboard/internal/apisix/service.go:77.33,78.53 1 0
github.com/api7/api7-ee-3-dashboard/internal/apisix/service.go:78.53,81.23 2 0
github.com/api7/api7-ee-3-dashboard/internal/apisix/service.go:81.23,83.5 1 0
github.com/api7/api7-ee-3-dashboard/internal/apisix/service.go:87.2,87.31 1 0
github.com/api7/api7-ee-3-dashboard/internal/apisix/service.go:87.31,89.3 1 0
github.com/api7/api7-ee-3-dashboard/internal/apisix/service.go:91.2,91.20 1 0
github.com/api7/api7-ee-3-dashboard/internal/apisix/service.go:94.71,98.2 2 1
github.com/api7/api7-ee-3-dashboard/internal/apisix/service.go:100.73,104.2 2 1
github.com/api7/api7-ee-3-dashboard/internal/apisix/service.go:106.102,111.31 2 1
github.com/api7/api7-ee-3-dashboard/internal/apisix/service.go:111.31,113.3 1 0
github.com/api7/api7-ee-3-dashboard/internal/apisix/service.go:115.2,132.43 3 1
github.com/api7/api7-ee-3-dashboard/internal/apisix/service.go:132.43,135.3 2 0
github.com/api7/api7-ee-3-dashboard/internal/apisix/service.go:137.2,137.47 1 1
github.com/api7/api7-ee-3-dashboard/internal/apisix/service.go:137.47,139.3 1 0
github.com/api7/api7-ee-3-dashboard/internal/apisix/service.go:141.2,145.23 4 1
github.com/api7/api7-ee-3-dashboard/internal/apisix/service.go:145.23,147.3 1 0
github.com/api7/api7-ee-3-dashboard/internal/apisix/service.go:149.2,149.30 1 1
github.com/api7/api7-ee-3-dashboard/internal/apisix/service.go:149.30,155.3 1 0
github.com/api7/api7-ee-3-dashboard/internal/apisix/service.go:157.2,160.26 3 1
github.com/api7/api7-ee-3-dashboard/internal/apisix/service.go:160.26,163.3 1 0
github.com/api7/api7-ee-3-dashboard/internal/apisix/service.go:165.2,180.32 2 1
github.com/api7/api7-ee-3-dashboard/internal/apisix/service.go:180.32,182.3 1 0
github.com/api7/api7-ee-3-dashboard/internal/apisix/service.go:184.2,184.69 1 1
github.com/api7/api7-ee-3-dashboard/internal/apisix/service.go:184.69,185.44 1 1
github.com/api7/api7-ee-3-dashboard/internal/apisix/service.go:185.44,187.18 2 0
github.com/api7/api7-ee-3-dashboard/internal/apisix/service.go:187.18,189.5 1 0
github.com/api7/api7-ee-3-dashboard/internal/apisix/service.go:193.4,194.40 2 0
github.com/api7/api7-ee-3-dashboard/internal/apisix/service.go:194.40,196.5 1 0
github.com/api7/api7-ee-3-dashboard/internal/apisix/service.go:198.4,198.33 1 0
github.com/api7/api7-ee-3-dashboard/internal/apisix/service.go:198.33,199.35 1 0
github.com/api7/api7-ee-3-dashboard/internal/apisix/service.go:199.35,201.6 1 0
github.com/api7/api7-ee-3-dashboard/internal/apisix/service.go:204.4,205.12 2 0
github.com/api7/api7-ee-3-dashboard/internal/apisix/service.go:208.3,208.53 1 1
github.com/api7/api7-ee-3-dashboard/internal/apisix/service.go:211.2,213.20 2 1
github.com/api7/api7-ee-3-dashboard/internal/apisix/service.go:232.110,234.16 2 1
github.com/api7/api7-ee-3-dashboard/internal/apisix/service.go:234.16,236.3 1 0
github.com/api7/api7-ee-3-dashboard/internal/apisix/service.go:238.2,240.16 3 1
github.com/api7/api7-ee-3-dashboard/internal/apisix/service.go:240.16,242.3 1 0
github.com/api7/api7-ee-3-dashboard/internal/apisix/service.go:244.2,245.36 2 1
github.com/api7/api7-ee-3-dashboard/internal/apisix/service.go:245.36,246.49 1 1
github.com/api7/api7-ee-3-dashboard/internal/apisix/service.go:246.49,247.35 1 1
github.com/api7/api7-ee-3-dashboard/internal/apisix/service.go:247.35,249.5 1 1
github.com/api7/api7-ee-3-dashboard/internal/apisix/service.go:253.2,254.44 2 1
github.com/api7/api7-ee-3-dashboard/internal/apisix/service.go:254.44,257.46 2 1
github.com/api7/api7-ee-3-dashboard/internal/apisix/service.go:257.46,259.4 1 1
github.com/api7/api7-ee-3-dashboard/internal/apisix/service.go:262.2,263.16 2 1
github.com/api7/api7-ee-3-dashboard/internal/apisix/service.go:263.16,265.3 1 0
github.com/api7/api7-ee-3-dashboard/internal/apisix/service.go:267.2,269.16 3 1
github.com/api7/api7-ee-3-dashboard/internal/apisix/service.go:269.16,271.3 1 0
github.com/api7/api7-ee-3-dashboard/internal/apisix/service.go:273.2,273.31 1 1
github.com/api7/api7-ee-3-dashboard/internal/apisix/service.go:277.82,279.2 1 1
github.com/api7/api7-ee-3-dashboard/internal/apisix/types.go:18.13,20.2 1 1
github.com/api7/api7-ee-3-dashboard/internal/apisix/types.go:54.52,65.2 2 1
github.com/api7/api7-ee-3-dashboard/internal/apisix/types.go:65.2,69.17 4 1
github.com/api7/api7-ee-3-dashboard/internal/apisix/types.go:69.17,71.4 1 0
github.com/api7/api7-ee-3-dashboard/internal/apisix/types.go:73.3,75.17 3 1
github.com/api7/api7-ee-3-dashboard/internal/apisix/types.go:75.17,77.4 1 0
github.com/api7/api7-ee-3-dashboard/internal/apisix/types.go:79.3,81.17 3 1
github.com/api7/api7-ee-3-dashboard/internal/apisix/types.go:81.17,83.4 1 0
github.com/api7/api7-ee-3-dashboard/internal/apisix/types.go:85.3,87.17 3 1
github.com/api7/api7-ee-3-dashboard/internal/apisix/types.go:87.17,89.4 1 0
github.com/api7/api7-ee-3-dashboard/internal/apisix/types.go:91.3,93.17 3 1
github.com/api7/api7-ee-3-dashboard/internal/apisix/types.go:93.17,95.4 1 0
github.com/api7/api7-ee-3-dashboard/internal/apisix/types.go:97.3,99.17 3 1
github.com/api7/api7-ee-3-dashboard/internal/apisix/types.go:99.17,101.4 1 0
github.com/api7/api7-ee-3-dashboard/internal/apisix/types.go:103.3,105.17 3 1
github.com/api7/api7-ee-3-dashboard/internal/apisix/types.go:105.17,107.4 1 0
github.com/api7/api7-ee-3-dashboard/internal/apisix/types.go:110.2,118.8 1 1
github.com/api7/api7-ee-3-dashboard/internal/apisix/types.go:121.73,124.2 2 0
github.com/api7/api7-ee-3-dashboard/internal/apisix/types.go:126.76,129.2 2 0
github.com/api7/api7-ee-3-dashboard/internal/apisix/types.go:131.61,134.2 2 0
github.com/api7/api7-ee-3-dashboard/internal/apisix/types.go:136.91,139.2 2 0
github.com/api7/api7-ee-3-dashboard/internal/apisix/schema/schema.go:29.13,32.79 2 1
github.com/api7/api7-ee-3-dashboard/internal/apisix/schema/schema.go:32.79,35.17 3 1
github.com/api7/api7-ee-3-dashboard/internal/apisix/schema/schema.go:35.17,37.4 1 0
github.com/api7/api7-ee-3-dashboard/internal/apisix/schema/schema.go:38.3,39.14 2 1
github.com/api7/api7-ee-3-dashboard/internal/apisix/schema/schema.go:52.72,54.43 2 0
github.com/api7/api7-ee-3-dashboard/internal/apisix/schema/schema.go:54.43,56.3 1 0
github.com/api7/api7-ee-3-dashboard/internal/apisix/schema/schema.go:58.2,61.34 3 0
github.com/api7/api7-ee-3-dashboard/internal/apisix/schema/schema.go:61.34,63.3 1 0
github.com/api7/api7-ee-3-dashboard/internal/apisix/schema/schema.go:64.2,65.36 2 0
github.com/api7/api7-ee-3-dashboard/internal/apisix/schema/schema.go:65.36,66.41 1 0
github.com/api7/api7-ee-3-dashboard/internal/apisix/schema/schema.go:66.41,67.12 1 0
github.com/api7/api7-ee-3-dashboard/internal/apisix/schema/schema.go:69.3,69.61 1 0
github.com/api7/api7-ee-3-dashboard/internal/apisix/schema/schema.go:69.61,70.12 1 0
github.com/api7/api7-ee-3-dashboard/internal/apisix/schema/schema.go:72.3,72.32 1 0
github.com/api7/api7-ee-3-dashboard/internal/apisix/schema/schema.go:75.2,75.20 1 0
github.com/api7/api7-ee-3-dashboard/internal/apisix/schema/schema.go:79.58,81.22 2 0
github.com/api7/api7-ee-3-dashboard/internal/apisix/schema/schema.go:81.22,83.3 1 0
github.com/api7/api7-ee-3-dashboard/internal/apisix/schema/schema.go:85.2,85.28 1 0
github.com/api7/api7-ee-3-dashboard/internal/apisix/schema/schema.go:89.64,91.22 2 0
github.com/api7/api7-ee-3-dashboard/internal/apisix/schema/schema.go:91.22,93.3 1 0
github.com/api7/api7-ee-3-dashboard/internal/apisix/schema/schema.go:95.2,95.42 1 0
github.com/api7/api7-ee-3-dashboard/internal/apisix/schema/schema.go:99.72,101.22 2 0
github.com/api7/api7-ee-3-dashboard/internal/apisix/schema/schema.go:101.22,103.3 1 0
github.com/api7/api7-ee-3-dashboard/internal/apisix/schema/schema.go:104.2,106.30 2 0
github.com/api7/api7-ee-3-dashboard/internal/apisix/schema/schema.go:106.30,108.4 1 0
github.com/api7/api7-ee-3-dashboard/internal/apisix/schema/schema.go:110.2,110.42 1 0
github.com/api7/api7-ee-3-dashboard/internal/apisix/schema/schema.go:114.72,116.22 2 0
github.com/api7/api7-ee-3-dashboard/internal/apisix/schema/schema.go:116.22,118.3 1 0
github.com/api7/api7-ee-3-dashboard/internal/apisix/schema/schema.go:119.2,121.30 2 0
github.com/api7/api7-ee-3-dashboard/internal/apisix/schema/schema.go:121.30,123.4 1 0
github.com/api7/api7-ee-3-dashboard/internal/apisix/schema/schema.go:125.2,125.78 1 0
github.com/api7/api7-ee-3-dashboard/internal/apisix/schema/schema.go:128.58,129.22 1 0
github.com/api7/api7-ee-3-dashboard/internal/apisix/schema/schema.go:129.22,130.31 1 0
github.com/api7/api7-ee-3-dashboard/internal/apisix/schema/schema.go:130.31,132.4 1 0
github.com/api7/api7-ee-3-dashboard/internal/apisix/schema/schema.go:132.9,132.45 1 0
github.com/api7/api7-ee-3-dashboard/internal/apisix/schema/schema.go:132.45,134.4 1 0
github.com/api7/api7-ee-3-dashboard/internal/apisix/schema/schema.go:138.69,140.16 2 0
github.com/api7/api7-ee-3-dashboard/internal/apisix/schema/schema.go:140.16,142.3 1 0
github.com/api7/api7-ee-3-dashboard/internal/apisix/schema/schema.go:148.2,149.55 2 0
github.com/api7/api7-ee-3-dashboard/internal/apisix/schema/schema.go:149.55,151.3 1 0
github.com/api7/api7-ee-3-dashboard/internal/apisix/schema/schema.go:152.2,153.16 2 0
github.com/api7/api7-ee-3-dashboard/internal/apisix/schema/schema.go:153.16,155.3 1 0
github.com/api7/api7-ee-3-dashboard/internal/apisix/schema/schema.go:156.2,158.16 3 0
github.com/api7/api7-ee-3-dashboard/internal/apisix/schema/schema.go:158.16,160.3 1 0
github.com/api7/api7-ee-3-dashboard/internal/apisix/schema/schema.go:162.2,163.94 2 0
github.com/api7/api7-ee-3-dashboard/internal/apisix/schema/schema.go:163.94,165.3 1 0
github.com/api7/api7-ee-3-dashboard/internal/apisix/schema/schema.go:167.2,167.109 1 0
github.com/api7/api7-ee-3-dashboard/internal/apisix/schema/schema.go:167.110,167.111 0 0
github.com/api7/api7-ee-3-dashboard/internal/apisix/schema/schema.go:168.2,169.16 2 0
github.com/api7/api7-ee-3-dashboard/internal/apisix/schema/schema.go:169.16,171.3 1 0
github.com/api7/api7-ee-3-dashboard/internal/apisix/schema/schema.go:173.2,175.16 3 0
github.com/api7/api7-ee-3-dashboard/internal/apisix/schema/schema.go:175.16,177.3 1 0
github.com/api7/api7-ee-3-dashboard/internal/apisix/schema/schema.go:179.2,179.20 1 0
github.com/api7/api7-ee-3-dashboard/internal/apisix/schema/schema.go:182.83,184.57 2 1
github.com/api7/api7-ee-3-dashboard/internal/apisix/schema/schema.go:184.57,186.3 1 1
github.com/api7/api7-ee-3-dashboard/internal/apisix/schema/schema.go:188.2,189.22 2 1
github.com/api7/api7-ee-3-dashboard/internal/apisix/schema/schema.go:189.22,191.3 1 1
github.com/api7/api7-ee-3-dashboard/internal/apisix/schema/schema.go:193.2,194.16 2 1
github.com/api7/api7-ee-3-dashboard/internal/apisix/schema/schema.go:194.16,196.3 1 1
github.com/api7/api7-ee-3-dashboard/internal/apisix/schema/schema.go:196.8,198.3 1 1
github.com/api7/api7-ee-3-dashboard/internal/apisix/schema/schema.go:200.2,201.30 2 1
github.com/api7/api7-ee-3-dashboard/internal/apisix/schema/schema.go:201.30,202.49 1 1
github.com/api7/api7-ee-3-dashboard/internal/apisix/schema/schema.go:202.49,204.4 1 1
github.com/api7/api7-ee-3-dashboard/internal/apisix/schema/schema.go:206.2,208.20 2 1
github.com/api7/api7-ee-3-dashboard/internal/apisix/schema/schema.go:211.86,213.16 2 0
github.com/api7/api7-ee-3-dashboard/internal/apisix/schema/schema.go:213.16,215.3 1 0
github.com/api7/api7-ee-3-dashboard/internal/apisix/schema/schema.go:216.2,216.17 1 0
github.com/api7/api7-ee-3-dashboard/internal/apisix/schema/schema.go:216.17,218.3 1 0
github.com/api7/api7-ee-3-dashboard/internal/apisix/schema/schema.go:220.2,221.35 2 0
github.com/api7/api7-ee-3-dashboard/internal/apisix/schema/schema.go:221.35,223.3 1 0
github.com/api7/api7-ee-3-dashboard/internal/apisix/schema/schema.go:224.2,224.53 1 0
github.com/api7/api7-ee-3-dashboard/internal/pkg/api/api_runtime/dataplane_certificate.go:15.81,16.30 1 0
github.com/api7/api7-ee-3-dashboard/internal/pkg/api/api_runtime/dataplane_certificate.go:16.30,19.24 3 0
github.com/api7/api7-ee-3-dashboard/internal/pkg/api/api_runtime/dataplane_certificate.go:19.24,21.4 1 0
github.com/api7/api7-ee-3-dashboard/internal/pkg/api/api_runtime/dataplane_certificate.go:23.3,27.69 4 0
github.com/api7/api7-ee-3-dashboard/internal/pkg/api/api_runtime/gateway_groups.go:20.76,21.30 1 0
github.com/api7/api7-ee-3-dashboard/internal/pkg/api/api_runtime/gateway_groups.go:21.30,25.46 2 0
github.com/api7/api7-ee-3-dashboard/internal/pkg/api/api_runtime/gateway_groups.go:25.46,28.4 2 0
github.com/api7/api7-ee-3-dashboard/internal/pkg/api/api_runtime/gateway_groups.go:29.3,35.24 4 0
github.com/api7/api7-ee-3-dashboard/internal/pkg/api/api_runtime/gateway_groups.go:35.24,37.4 1 0
github.com/api7/api7-ee-3-dashboard/internal/pkg/api/api_runtime/gateway_groups.go:38.3,38.35 1 0
github.com/api7/api7-ee-3-dashboard/internal/pkg/api/api_runtime/gateway_groups.go:38.35,41.4 2 0
github.com/api7/api7-ee-3-dashboard/internal/pkg/api/api_runtime/gateway_groups.go:43.3,44.57 2 0
github.com/api7/api7-ee-3-dashboard/internal/pkg/api/api_runtime/gateway_groups.go:44.57,54.19 1 0
github.com/api7/api7-ee-3-dashboard/internal/pkg/api/api_runtime/gateway_groups.go:54.19,56.5 1 0
github.com/api7/api7-ee-3-dashboard/internal/pkg/api/api_runtime/gateway_groups.go:58.3,58.35 1 0
github.com/api7/api7-ee-3-dashboard/internal/pkg/api/api_runtime/gateway_groups.go:58.35,61.4 2 0
github.com/api7/api7-ee-3-dashboard/internal/pkg/api/api_runtime/gateway_groups.go:62.3,62.57 1 0
github.com/api7/api7-ee-3-dashboard/internal/pkg/api/api_runtime/gateway_groups.go:62.57,64.4 1 0
github.com/api7/api7-ee-3-dashboard/internal/pkg/api/api_runtime/gateway_groups.go:66.3,67.24 2 0
github.com/api7/api7-ee-3-dashboard/internal/pkg/api/api_runtime/gateway_groups.go:67.24,69.4 1 0
github.com/api7/api7-ee-3-dashboard/internal/pkg/api/api_runtime/gateway_groups.go:71.3,71.89 1 0
github.com/api7/api7-ee-3-dashboard/internal/pkg/api/api_runtime/gateway_groups.go:75.74,76.30 1 0
github.com/api7/api7-ee-3-dashboard/internal/pkg/api/api_runtime/gateway_groups.go:76.30,80.70 2 0
github.com/api7/api7-ee-3-dashboard/internal/pkg/api/api_runtime/gateway_groups.go:80.70,83.4 2 0
github.com/api7/api7-ee-3-dashboard/internal/pkg/api/api_runtime/gateway_groups.go:85.3,97.24 5 0
github.com/api7/api7-ee-3-dashboard/internal/pkg/api/api_runtime/gateway_groups.go:97.24,99.4 1 0
github.com/api7/api7-ee-3-dashboard/internal/pkg/api/api_runtime/gateway_groups.go:101.3,104.71 3 0
github.com/api7/api7-ee-3-dashboard/internal/pkg/api/api_runtime/gateway_groups.go:108.77,109.30 1 0
github.com/api7/api7-ee-3-dashboard/internal/pkg/api/api_runtime/gateway_groups.go:109.30,117.24 5 0
github.com/api7/api7-ee-3-dashboard/internal/pkg/api/api_runtime/gateway_groups.go:117.24,119.4 1 0
github.com/api7/api7-ee-3-dashboard/internal/pkg/api/api_runtime/gateway_groups.go:120.3,120.24 1 0
github.com/api7/api7-ee-3-dashboard/internal/pkg/api/api_runtime/gateway_groups.go:120.24,123.4 2 0
github.com/api7/api7-ee-3-dashboard/internal/pkg/api/api_runtime/gateway_groups.go:125.3,126.17 2 0
github.com/api7/api7-ee-3-dashboard/internal/pkg/api/api_runtime/gateway_groups.go:126.17,127.45 1 0
github.com/api7/api7-ee-3-dashboard/internal/pkg/api/api_runtime/gateway_groups.go:127.45,130.5 2 0
github.com/api7/api7-ee-3-dashboard/internal/pkg/api/api_runtime/gateway_groups.go:132.4,135.10 3 0
github.com/api7/api7-ee-3-dashboard/internal/pkg/api/api_runtime/gateway_groups.go:138.3,138.65 1 0
github.com/api7/api7-ee-3-dashboard/internal/pkg/api/api_runtime/gateway_groups.go:142.40,143.30 1 0
github.com/api7/api7-ee-3-dashboard/internal/pkg/api/api_runtime/gateway_groups.go:143.30,146.3 2 0
github.com/api7/api7-ee-3-dashboard/internal/pkg/api/api_runtime/gateway_groups.go:149.77,150.30 1 0
github.com/api7/api7-ee-3-dashboard/internal/pkg/api/api_runtime/gateway_groups.go:150.30,155.70 2 0
github.com/api7/api7-ee-3-dashboard/internal/pkg/api/api_runtime/gateway_groups.go:155.70,158.4 2 0
github.com/api7/api7-ee-3-dashboard/internal/pkg/api/api_runtime/gateway_groups.go:160.3,163.24 3 0
github.com/api7/api7-ee-3-dashboard/internal/pkg/api/api_runtime/gateway_groups.go:163.24,165.4 1 0
github.com/api7/api7-ee-3-dashboard/internal/pkg/api/api_runtime/gateway_groups.go:166.3,167.17 2 0
github.com/api7/api7-ee-3-dashboard/internal/pkg/api/api_runtime/gateway_groups.go:167.17,170.4 2 0
github.com/api7/api7-ee-3-dashboard/internal/pkg/api/api_runtime/gateway_groups.go:171.3,171.77 1 0
github.com/api7/api7-ee-3-dashboard/internal/pkg/api/api_runtime/gateway_groups.go:176.87,177.30 1 0
github.com/api7/api7-ee-3-dashboard/internal/pkg/api/api_runtime/gateway_groups.go:177.30,181.50 2 0
github.com/api7/api7-ee-3-dashboard/internal/pkg/api/api_runtime/gateway_groups.go:181.50,184.4 2 0
github.com/api7/api7-ee-3-dashboard/internal/pkg/api/api_runtime/gateway_groups.go:185.3,186.24 2 0
github.com/api7/api7-ee-3-dashboard/internal/pkg/api/api_runtime/gateway_groups.go:186.24,188.4 1 0
github.com/api7/api7-ee-3-dashboard/internal/pkg/api/api_runtime/gateway_groups.go:189.3,191.73 3 0
github.com/api7/api7-ee-3-dashboard/internal/pkg/api/api_runtime/gateway_groups.go:195.86,196.30 1 0
github.com/api7/api7-ee-3-dashboard/internal/pkg/api/api_runtime/gateway_groups.go:196.30,202.23 3 0
github.com/api7/api7-ee-3-dashboard/internal/pkg/api/api_runtime/gateway_groups.go:204.43,205.63 1 0
github.com/api7/api7-ee-3-dashboard/internal/pkg/api/api_runtime/gateway_groups.go:206.11,207.68 1 0
github.com/api7/api7-ee-3-dashboard/internal/pkg/api/api_runtime/gateway_groups.go:209.3,209.24 1 0
github.com/api7/api7-ee-3-dashboard/internal/pkg/api/api_runtime/gateway_groups.go:209.24,211.4 1 0
github.com/api7/api7-ee-3-dashboard/internal/pkg/api/api_runtime/gateway_groups.go:212.3,212.95 1 0
github.com/api7/api7-ee-3-dashboard/internal/pkg/api/api_runtime/healthcheck_status.go:14.81,15.30 1 0
github.com/api7/api7-ee-3-dashboard/internal/pkg/api/api_runtime/healthcheck_status.go:15.30,20.24 4 0
github.com/api7/api7-ee-3-dashboard/internal/pkg/api/api_runtime/healthcheck_status.go:20.24,22.4 1 0
github.com/api7/api7-ee-3-dashboard/internal/pkg/api/api_runtime/healthcheck_status.go:23.3,23.71 1 0
github.com/api7/api7-ee-3-dashboard/internal/pkg/api/api_runtime/instance.go:21.81,22.30 1 0
github.com/api7/api7-ee-3-dashboard/internal/pkg/api/api_runtime/instance.go:22.30,26.46 2 0
github.com/api7/api7-ee-3-dashboard/internal/pkg/api/api_runtime/instance.go:26.46,29.4 2 0
github.com/api7/api7-ee-3-dashboard/internal/pkg/api/api_runtime/instance.go:30.3,33.17 3 0
github.com/api7/api7-ee-3-dashboard/internal/pkg/api/api_runtime/instance.go:33.17,40.4 3 0
github.com/api7/api7-ee-3-dashboard/internal/pkg/api/api_runtime/instance.go:42.3,43.33 2 0
github.com/api7/api7-ee-3-dashboard/internal/pkg/api/api_runtime/instance.go:43.33,57.4 1 0
github.com/api7/api7-ee-3-dashboard/internal/pkg/api/api_runtime/instance.go:59.3,59.83 1 0
github.com/api7/api7-ee-3-dashboard/internal/pkg/api/api_runtime/instance.go:63.69,64.30 1 0
github.com/api7/api7-ee-3-dashboard/internal/pkg/api/api_runtime/instance.go:64.30,68.46 2 0
github.com/api7/api7-ee-3-dashboard/internal/pkg/api/api_runtime/instance.go:68.46,71.4 2 0
github.com/api7/api7-ee-3-dashboard/internal/pkg/api/api_runtime/instance.go:73.3,76.24 2 0
github.com/api7/api7-ee-3-dashboard/internal/pkg/api/api_runtime/instance.go:76.24,78.4 1 0
github.com/api7/api7-ee-3-dashboard/internal/pkg/api/api_runtime/instance.go:80.3,81.45 2 0
github.com/api7/api7-ee-3-dashboard/internal/pkg/api/api_runtime/instance.go:81.45,91.19 1 0
github.com/api7/api7-ee-3-dashboard/internal/pkg/api/api_runtime/instance.go:91.19,93.5 1 0
github.com/api7/api7-ee-3-dashboard/internal/pkg/api/api_runtime/instance.go:95.3,95.39 1 0
github.com/api7/api7-ee-3-dashboard/internal/pkg/api/api_runtime/instance.go:95.39,98.4 2 0
github.com/api7/api7-ee-3-dashboard/internal/pkg/api/api_runtime/instance.go:100.3,101.17 2 0
github.com/api7/api7-ee-3-dashboard/internal/pkg/api/api_runtime/instance.go:101.17,108.4 3 0
github.com/api7/api7-ee-3-dashboard/internal/pkg/api/api_runtime/instance.go:110.3,111.33 2 0
github.com/api7/api7-ee-3-dashboard/internal/pkg/api/api_runtime/instance.go:111.33,125.4 1 0
github.com/api7/api7-ee-3-dashboard/internal/pkg/api/api_runtime/instance.go:127.3,127.83 1 0
github.com/api7/api7-ee-3-dashboard/internal/pkg/api/api_runtime/instance.go:131.72,132.30 1 0
github.com/api7/api7-ee-3-dashboard/internal/pkg/api/api_runtime/instance.go:132.30,134.17 2 0
github.com/api7/api7-ee-3-dashboard/internal/pkg/api/api_runtime/instance.go:134.17,140.4 3 0
github.com/api7/api7-ee-3-dashboard/internal/pkg/api/api_runtime/instance.go:142.3,144.6 1 0
github.com/api7/api7-ee-3-dashboard/internal/pkg/api/api_runtime/instance.go:148.77,149.30 1 0
github.com/api7/api7-ee-3-dashboard/internal/pkg/api/api_runtime/instance.go:149.30,155.46 2 0
github.com/api7/api7-ee-3-dashboard/internal/pkg/api/api_runtime/instance.go:155.46,158.4 2 0
github.com/api7/api7-ee-3-dashboard/internal/pkg/api/api_runtime/instance.go:159.3,162.24 3 0
github.com/api7/api7-ee-3-dashboard/internal/pkg/api/api_runtime/instance.go:162.24,164.4 1 0
github.com/api7/api7-ee-3-dashboard/internal/pkg/api/api_runtime/instance.go:166.3,166.69 1 0
github.com/api7/api7-ee-3-dashboard/internal/pkg/api/api_runtime/instance.go:170.73,171.30 1 0
github.com/api7/api7-ee-3-dashboard/internal/pkg/api/api_runtime/instance.go:171.30,175.46 2 0
github.com/api7/api7-ee-3-dashboard/internal/pkg/api/api_runtime/instance.go:175.46,178.4 2 0
github.com/api7/api7-ee-3-dashboard/internal/pkg/api/api_runtime/instance.go:180.3,182.24 3 0
github.com/api7/api7-ee-3-dashboard/internal/pkg/api/api_runtime/instance.go:182.24,184.4 1 0
github.com/api7/api7-ee-3-dashboard/internal/pkg/api/api_runtime/instance.go:186.3,192.75 6 0
github.com/api7/api7-ee-3-dashboard/internal/pkg/api/api_runtime/instance.go:192.75,195.4 2 0
github.com/api7/api7-ee-3-dashboard/internal/pkg/api/api_runtime/instance.go:197.3,197.32 1 0
github.com/api7/api7-ee-3-dashboard/internal/pkg/api/api_runtime/instance.go:197.32,199.25 2 0
github.com/api7/api7-ee-3-dashboard/internal/pkg/api/api_runtime/instance.go:199.25,201.5 1 0
github.com/api7/api7-ee-3-dashboard/internal/pkg/api/api_runtime/instance_token.go:16.75,17.30 1 0
github.com/api7/api7-ee-3-dashboard/internal/pkg/api/api_runtime/instance_token.go:17.30,21.24 3 0
github.com/api7/api7-ee-3-dashboard/internal/pkg/api/api_runtime/instance_token.go:21.24,23.4 1 0
github.com/api7/api7-ee-3-dashboard/internal/pkg/api/api_runtime/instance_token.go:25.3,29.56 4 0
github.com/api7/api7-ee-3-dashboard/internal/pkg/api/api_runtime/instance_token.go:29.56,32.4 2 0
github.com/api7/api7-ee-3-dashboard/internal/pkg/api/api_runtime/instance_token.go:33.3,33.70 1 0
github.com/api7/api7-ee-3-dashboard/internal/pkg/api/api_runtime/nacos_service_registry.go:15.78,16.30 1 0
github.com/api7/api7-ee-3-dashboard/internal/pkg/api/api_runtime/nacos_service_registry.go:16.30,20.17 3 0
github.com/api7/api7-ee-3-dashboard/internal/pkg/api/api_runtime/nacos_service_registry.go:20.17,23.4 2 0
github.com/api7/api7-ee-3-dashboard/internal/pkg/api/api_runtime/nacos_service_registry.go:25.3,26.17 2 0
github.com/api7/api7-ee-3-dashboard/internal/pkg/api/api_runtime/nacos_service_registry.go:26.17,29.4 2 0
github.com/api7/api7-ee-3-dashboard/internal/pkg/api/api_runtime/nacos_service_registry.go:31.3,32.32 2 0
github.com/api7/api7-ee-3-dashboard/internal/pkg/api/api_runtime/nacos_service_registry.go:32.32,35.26 1 0
github.com/api7/api7-ee-3-dashboard/internal/pkg/api/api_runtime/nacos_service_registry.go:35.26,37.5 1 0
github.com/api7/api7-ee-3-dashboard/internal/pkg/api/api_runtime/nacos_service_registry.go:38.4,41.6 1 0
github.com/api7/api7-ee-3-dashboard/internal/pkg/api/api_runtime/nacos_service_registry.go:44.3,44.91 1 0
github.com/api7/api7-ee-3-dashboard/internal/pkg/api/api_runtime/nacos_service_registry.go:48.74,49.30 1 0
github.com/api7/api7-ee-3-dashboard/internal/pkg/api/api_runtime/nacos_service_registry.go:49.30,54.17 4 0
github.com/api7/api7-ee-3-dashboard/internal/pkg/api/api_runtime/nacos_service_registry.go:54.17,57.4 2 0
github.com/api7/api7-ee-3-dashboard/internal/pkg/api/api_runtime/nacos_service_registry.go:59.3,60.17 2 0
github.com/api7/api7-ee-3-dashboard/internal/pkg/api/api_runtime/nacos_service_registry.go:60.17,63.4 2 0
github.com/api7/api7-ee-3-dashboard/internal/pkg/api/api_runtime/nacos_service_registry.go:65.3,65.95 1 0
github.com/api7/api7-ee-3-dashboard/internal/pkg/api/api_runtime/nacos_service_registry.go:69.75,70.30 1 0
github.com/api7/api7-ee-3-dashboard/internal/pkg/api/api_runtime/nacos_service_registry.go:70.30,76.17 5 0
github.com/api7/api7-ee-3-dashboard/internal/pkg/api/api_runtime/nacos_service_registry.go:76.17,79.4 2 0
github.com/api7/api7-ee-3-dashboard/internal/pkg/api/api_runtime/nacos_service_registry.go:81.3,82.17 2 0
github.com/api7/api7-ee-3-dashboard/internal/pkg/api/api_runtime/nacos_service_registry.go:82.17,85.4 2 0
github.com/api7/api7-ee-3-dashboard/internal/pkg/api/api_runtime/nacos_service_registry.go:87.3,87.99 1 0
github.com/api7/api7-ee-3-dashboard/internal/pkg/api/api_runtime/nacos_service_registry.go:91.84,92.30 1 0
github.com/api7/api7-ee-3-dashboard/internal/pkg/api/api_runtime/nacos_service_registry.go:92.30,99.17 6 0
github.com/api7/api7-ee-3-dashboard/internal/pkg/api/api_runtime/nacos_service_registry.go:99.17,102.4 2 0
github.com/api7/api7-ee-3-dashboard/internal/pkg/api/api_runtime/nacos_service_registry.go:104.3,105.17 2 0
github.com/api7/api7-ee-3-dashboard/internal/pkg/api/api_runtime/nacos_service_registry.go:105.17,108.4 2 0
github.com/api7/api7-ee-3-dashboard/internal/pkg/api/api_runtime/nacos_service_registry.go:109.3,109.82 1 0
github.com/api7/api7-ee-3-dashboard/internal/pkg/api/api_runtime/route.go:28.67,29.30 1 0
github.com/api7/api7-ee-3-dashboard/internal/pkg/api/api_runtime/route.go:29.30,34.72 2 0
github.com/api7/api7-ee-3-dashboard/internal/pkg/api/api_runtime/route.go:34.72,37.4 2 0
github.com/api7/api7-ee-3-dashboard/internal/pkg/api/api_runtime/route.go:38.3,41.24 3 0
github.com/api7/api7-ee-3-dashboard/internal/pkg/api/api_runtime/route.go:41.24,43.4 1 0
github.com/api7/api7-ee-3-dashboard/internal/pkg/api/api_runtime/route.go:45.3,45.56 1 0
github.com/api7/api7-ee-3-dashboard/internal/pkg/api/api_runtime/route.go:45.56,48.4 2 0
github.com/api7/api7-ee-3-dashboard/internal/pkg/api/api_runtime/route.go:50.3,50.65 1 0
github.com/api7/api7-ee-3-dashboard/internal/pkg/api/api_runtime/route.go:50.65,61.26 1 0
github.com/api7/api7-ee-3-dashboard/internal/pkg/api/api_runtime/route.go:61.26,63.5 1 0
github.com/api7/api7-ee-3-dashboard/internal/pkg/api/api_runtime/route.go:66.3,66.84 1 0
github.com/api7/api7-ee-3-dashboard/internal/pkg/api/api_runtime/route.go:66.84,69.4 2 0
github.com/api7/api7-ee-3-dashboard/internal/pkg/api/api_runtime/route.go:71.3,78.51 2 0
github.com/api7/api7-ee-3-dashboard/internal/pkg/api/api_runtime/route.go:78.51,79.150 1 0
github.com/api7/api7-ee-3-dashboard/internal/pkg/api/api_runtime/route.go:79.150,81.5 1 0
github.com/api7/api7-ee-3-dashboard/internal/pkg/api/api_runtime/route.go:82.9,83.124 1 0
github.com/api7/api7-ee-3-dashboard/internal/pkg/api/api_runtime/route.go:83.124,85.5 1 0
github.com/api7/api7-ee-3-dashboard/internal/pkg/api/api_runtime/route.go:88.3,92.79 4 0
github.com/api7/api7-ee-3-dashboard/internal/pkg/api/api_runtime/route.go:96.64,97.30 1 0
github.com/api7/api7-ee-3-dashboard/internal/pkg/api/api_runtime/route.go:97.30,100.3 2 0
github.com/api7/api7-ee-3-dashboard/internal/pkg/api/api_runtime/route.go:103.67,104.30 1 0
github.com/api7/api7-ee-3-dashboard/internal/pkg/api/api_runtime/route.go:104.30,112.51 2 0
github.com/api7/api7-ee-3-dashboard/internal/pkg/api/api_runtime/route.go:112.51,113.150 1 0
github.com/api7/api7-ee-3-dashboard/internal/pkg/api/api_runtime/route.go:113.150,115.5 1 0
github.com/api7/api7-ee-3-dashboard/internal/pkg/api/api_runtime/route.go:116.9,117.124 1 0
github.com/api7/api7-ee-3-dashboard/internal/pkg/api/api_runtime/route.go:117.124,119.5 1 0
github.com/api7/api7-ee-3-dashboard/internal/pkg/api/api_runtime/route.go:122.3,122.35 1 0
github.com/api7/api7-ee-3-dashboard/internal/pkg/api/api_runtime/route.go:126.66,127.30 1 0
github.com/api7/api7-ee-3-dashboard/internal/pkg/api/api_runtime/route.go:127.30,132.46 2 0
github.com/api7/api7-ee-3-dashboard/internal/pkg/api/api_runtime/route.go:132.46,135.4 2 0
github.com/api7/api7-ee-3-dashboard/internal/pkg/api/api_runtime/route.go:137.3,137.65 1 0
github.com/api7/api7-ee-3-dashboard/internal/pkg/api/api_runtime/route.go:137.65,138.30 1 0
github.com/api7/api7-ee-3-dashboard/internal/pkg/api/api_runtime/route.go:138.30,141.5 2 0
github.com/api7/api7-ee-3-dashboard/internal/pkg/api/api_runtime/route.go:142.4,143.25 2 0
github.com/api7/api7-ee-3-dashboard/internal/pkg/api/api_runtime/route.go:143.25,145.5 1 0
github.com/api7/api7-ee-3-dashboard/internal/pkg/api/api_runtime/route.go:146.4,156.26 1 0
github.com/api7/api7-ee-3-dashboard/internal/pkg/api/api_runtime/route.go:156.26,158.5 1 0
github.com/api7/api7-ee-3-dashboard/internal/pkg/api/api_runtime/route.go:161.3,163.24 3 0
github.com/api7/api7-ee-3-dashboard/internal/pkg/api/api_runtime/route.go:163.24,165.4 1 0
github.com/api7/api7-ee-3-dashboard/internal/pkg/api/api_runtime/route.go:166.3,166.91 1 0
github.com/api7/api7-ee-3-dashboard/internal/pkg/api/api_runtime/route.go:171.67,172.30 1 0
github.com/api7/api7-ee-3-dashboard/internal/pkg/api/api_runtime/route.go:172.30,177.71 2 0
github.com/api7/api7-ee-3-dashboard/internal/pkg/api/api_runtime/route.go:177.71,180.4 2 0
github.com/api7/api7-ee-3-dashboard/internal/pkg/api/api_runtime/route.go:182.3,183.38 2 0
github.com/api7/api7-ee-3-dashboard/internal/pkg/api/api_runtime/route.go:188.66,189.30 1 0
github.com/api7/api7-ee-3-dashboard/internal/pkg/api/api_runtime/route.go:189.30,197.17 3 0
github.com/api7/api7-ee-3-dashboard/internal/pkg/api/api_runtime/route.go:197.17,200.4 2 0
github.com/api7/api7-ee-3-dashboard/internal/pkg/api/api_runtime/route.go:202.3,203.24 2 0
github.com/api7/api7-ee-3-dashboard/internal/pkg/api/api_runtime/route.go:203.24,205.4 1 0
github.com/api7/api7-ee-3-dashboard/internal/pkg/api/api_runtime/route.go:207.3,208.24 2 0
github.com/api7/api7-ee-3-dashboard/internal/pkg/api/api_runtime/route.go:208.24,210.4 1 0
github.com/api7/api7-ee-3-dashboard/internal/pkg/api/api_runtime/route.go:212.3,212.59 1 0
github.com/api7/api7-ee-3-dashboard/internal/pkg/api/api_runtime/route.go:212.59,215.4 2 0
github.com/api7/api7-ee-3-dashboard/internal/pkg/api/api_runtime/route.go:217.3,218.38 2 0
github.com/api7/api7-ee-3-dashboard/internal/pkg/api/api_runtime/route.go:222.108,231.88 4 0
github.com/api7/api7-ee-3-dashboard/internal/pkg/api/api_runtime/route.go:231.88,234.3 2 0
github.com/api7/api7-ee-3-dashboard/internal/pkg/api/api_runtime/route.go:237.2,237.50 1 0
github.com/api7/api7-ee-3-dashboard/internal/pkg/api/api_runtime/route.go:237.50,238.149 1 0
github.com/api7/api7-ee-3-dashboard/internal/pkg/api/api_runtime/route.go:238.149,240.4 1 0
github.com/api7/api7-ee-3-dashboard/internal/pkg/api/api_runtime/route.go:241.8,242.123 1 0
github.com/api7/api7-ee-3-dashboard/internal/pkg/api/api_runtime/route.go:242.123,244.4 1 0
github.com/api7/api7-ee-3-dashboard/internal/pkg/api/api_runtime/route.go:247.2,248.78 2 0
github.com/api7/api7-ee-3-dashboard/internal/pkg/api/api_runtime/service.go:20.69,21.30 1 0
github.com/api7/api7-ee-3-dashboard/internal/pkg/api/api_runtime/service.go:21.30,26.70 2 0
github.com/api7/api7-ee-3-dashboard/internal/pkg/api/api_runtime/service.go:26.70,29.4 2 0
github.com/api7/api7-ee-3-dashboard/internal/pkg/api/api_runtime/service.go:30.3,32.71 2 0
github.com/api7/api7-ee-3-dashboard/internal/pkg/api/api_runtime/service.go:32.71,35.4 2 0
github.com/api7/api7-ee-3-dashboard/internal/pkg/api/api_runtime/service.go:36.3,36.82 1 0
github.com/api7/api7-ee-3-dashboard/internal/pkg/api/api_runtime/service.go:36.82,39.4 2 0
github.com/api7/api7-ee-3-dashboard/internal/pkg/api/api_runtime/service.go:41.3,45.109 2 0
github.com/api7/api7-ee-3-dashboard/internal/pkg/api/api_runtime/service.go:45.109,47.4 1 0
github.com/api7/api7-ee-3-dashboard/internal/pkg/api/api_runtime/service.go:49.3,53.81 4 0
github.com/api7/api7-ee-3-dashboard/internal/pkg/api/api_runtime/service.go:57.66,58.30 1 0
github.com/api7/api7-ee-3-dashboard/internal/pkg/api/api_runtime/service.go:58.30,61.3 2 0
github.com/api7/api7-ee-3-dashboard/internal/pkg/api/api_runtime/service.go:64.69,65.30 1 0
github.com/api7/api7-ee-3-dashboard/internal/pkg/api/api_runtime/service.go:65.30,70.100 2 0
github.com/api7/api7-ee-3-dashboard/internal/pkg/api/api_runtime/service.go:70.100,72.4 1 0
github.com/api7/api7-ee-3-dashboard/internal/pkg/api/api_runtime/service.go:73.3,73.35 1 0
github.com/api7/api7-ee-3-dashboard/internal/pkg/api/api_runtime/service.go:77.68,78.30 1 0
github.com/api7/api7-ee-3-dashboard/internal/pkg/api/api_runtime/service.go:78.30,83.46 2 0
github.com/api7/api7-ee-3-dashboard/internal/pkg/api/api_runtime/service.go:83.46,86.4 2 0
github.com/api7/api7-ee-3-dashboard/internal/pkg/api/api_runtime/service.go:87.3,89.65 2 0
github.com/api7/api7-ee-3-dashboard/internal/pkg/api/api_runtime/service.go:89.65,94.25 4 0
github.com/api7/api7-ee-3-dashboard/internal/pkg/api/api_runtime/service.go:94.25,96.5 1 0
github.com/api7/api7-ee-3-dashboard/internal/pkg/api/api_runtime/service.go:97.4,97.26 1 0
github.com/api7/api7-ee-3-dashboard/internal/pkg/api/api_runtime/service.go:97.26,100.5 2 0
github.com/api7/api7-ee-3-dashboard/internal/pkg/api/api_runtime/service.go:102.4,108.34 3 0
github.com/api7/api7-ee-3-dashboard/internal/pkg/api/api_runtime/service.go:108.34,119.20 1 0
github.com/api7/api7-ee-3-dashboard/internal/pkg/api/api_runtime/service.go:119.20,121.6 1 0
github.com/api7/api7-ee-3-dashboard/internal/pkg/api/api_runtime/service.go:123.4,123.36 1 0
github.com/api7/api7-ee-3-dashboard/internal/pkg/api/api_runtime/service.go:123.36,126.5 2 0
github.com/api7/api7-ee-3-dashboard/internal/pkg/api/api_runtime/service.go:129.3,130.24 2 0
github.com/api7/api7-ee-3-dashboard/internal/pkg/api/api_runtime/service.go:130.24,132.4 1 0
github.com/api7/api7-ee-3-dashboard/internal/pkg/api/api_runtime/service.go:134.3,134.84 1 0
github.com/api7/api7-ee-3-dashboard/internal/pkg/api/api_runtime/service.go:138.69,139.30 1 0
github.com/api7/api7-ee-3-dashboard/internal/pkg/api/api_runtime/service.go:139.30,144.73 2 0
github.com/api7/api7-ee-3-dashboard/internal/pkg/api/api_runtime/service.go:144.73,147.4 2 0
github.com/api7/api7-ee-3-dashboard/internal/pkg/api/api_runtime/service.go:149.3,150.42 2 0
github.com/api7/api7-ee-3-dashboard/internal/pkg/api/api_runtime/service.go:154.68,155.30 1 0
github.com/api7/api7-ee-3-dashboard/internal/pkg/api/api_runtime/service.go:155.30,163.17 3 0
github.com/api7/api7-ee-3-dashboard/internal/pkg/api/api_runtime/service.go:163.17,166.4 2 0
github.com/api7/api7-ee-3-dashboard/internal/pkg/api/api_runtime/service.go:167.3,168.24 2 0
github.com/api7/api7-ee-3-dashboard/internal/pkg/api/api_runtime/service.go:168.24,170.4 1 0
github.com/api7/api7-ee-3-dashboard/internal/pkg/api/api_runtime/service.go:171.3,172.24 2 0
github.com/api7/api7-ee-3-dashboard/internal/pkg/api/api_runtime/service.go:172.24,174.4 1 0
github.com/api7/api7-ee-3-dashboard/internal/pkg/api/api_runtime/service.go:175.3,175.61 1 0
github.com/api7/api7-ee-3-dashboard/internal/pkg/api/api_runtime/service.go:175.61,178.4 2 0
github.com/api7/api7-ee-3-dashboard/internal/pkg/api/api_runtime/service.go:180.3,181.42 2 0
github.com/api7/api7-ee-3-dashboard/internal/pkg/api/api_runtime/service.go:185.114,189.87 3 0
github.com/api7/api7-ee-3-dashboard/internal/pkg/api/api_runtime/service.go:189.87,192.3 2 0
github.com/api7/api7-ee-3-dashboard/internal/pkg/api/api_runtime/service.go:193.2,193.90 1 0
github.com/api7/api7-ee-3-dashboard/internal/pkg/api/api_runtime/service.go:193.90,196.3 2 0
github.com/api7/api7-ee-3-dashboard/internal/pkg/api/api_runtime/service.go:198.2,201.50 2 0
github.com/api7/api7-ee-3-dashboard/internal/pkg/api/api_runtime/service.go:201.50,202.114 1 0
github.com/api7/api7-ee-3-dashboard/internal/pkg/api/api_runtime/service.go:202.114,204.4 1 0
github.com/api7/api7-ee-3-dashboard/internal/pkg/api/api_runtime/service.go:205.8,206.109 1 0
github.com/api7/api7-ee-3-dashboard/internal/pkg/api/api_runtime/service.go:206.109,208.4 1 0
github.com/api7/api7-ee-3-dashboard/internal/pkg/api/api_runtime/service.go:211.2,212.80 2 0
github.com/api7/api7-ee-3-dashboard/internal/pkg/api/api_runtime/service_conflict_check.go:33.53,36.2 2 1
github.com/api7/api7-ee-3-dashboard/internal/pkg/api/api_runtime/service_conflict_check.go:38.48,39.22 1 0
github.com/api7/api7-ee-3-dashboard/internal/pkg/api/api_runtime/service_conflict_check.go:39.22,41.3 1 0
github.com/api7/api7-ee-3-dashboard/internal/pkg/api/api_runtime/service_conflict_check.go:43.2,43.50 1 0
github.com/api7/api7-ee-3-dashboard/internal/pkg/api/api_runtime/service_conflict_check.go:46.51,47.20 1 1
github.com/api7/api7-ee-3-dashboard/internal/pkg/api/api_runtime/service_conflict_check.go:47.20,49.3 1 1
github.com/api7/api7-ee-3-dashboard/internal/pkg/api/api_runtime/service_conflict_check.go:54.2,54.22 1 1
github.com/api7/api7-ee-3-dashboard/internal/pkg/api/api_runtime/service_conflict_check.go:54.22,58.31 4 1
github.com/api7/api7-ee-3-dashboard/internal/pkg/api/api_runtime/service_conflict_check.go:58.31,59.19 1 1
github.com/api7/api7-ee-3-dashboard/internal/pkg/api/api_runtime/service_conflict_check.go:59.19,61.5 1 1
github.com/api7/api7-ee-3-dashboard/internal/pkg/api/api_runtime/service_conflict_check.go:61.10,61.26 1 1
github.com/api7/api7-ee-3-dashboard/internal/pkg/api/api_runtime/service_conflict_check.go:61.26,63.5 1 1
github.com/api7/api7-ee-3-dashboard/internal/pkg/api/api_runtime/service_conflict_check.go:67.2,67.33 1 1
github.com/api7/api7-ee-3-dashboard/internal/pkg/api/api_runtime/service_conflict_check.go:67.33,68.32 1 1
github.com/api7/api7-ee-3-dashboard/internal/pkg/api/api_runtime/service_conflict_check.go:68.32,70.4 1 1
github.com/api7/api7-ee-3-dashboard/internal/pkg/api/api_runtime/service_conflict_check.go:71.3,71.33 1 0
github.com/api7/api7-ee-3-dashboard/internal/pkg/api/api_runtime/service_conflict_check.go:71.33,73.4 1 0
github.com/api7/api7-ee-3-dashboard/internal/pkg/api/api_runtime/service_conflict_check.go:76.2,76.32 1 1
github.com/api7/api7-ee-3-dashboard/internal/pkg/api/api_runtime/service_conflict_check.go:76.32,78.3 1 1
github.com/api7/api7-ee-3-dashboard/internal/pkg/api/api_runtime/service_conflict_check.go:80.2,80.48 1 1
github.com/api7/api7-ee-3-dashboard/internal/pkg/api/api_runtime/service_conflict_check.go:80.48,82.3 1 1
github.com/api7/api7-ee-3-dashboard/internal/pkg/api/api_runtime/service_conflict_check.go:84.2,84.47 1 1
github.com/api7/api7-ee-3-dashboard/internal/pkg/api/api_runtime/service_conflict_check.go:84.47,86.3 1 1
github.com/api7/api7-ee-3-dashboard/internal/pkg/api/api_runtime/service_conflict_check.go:88.2,88.26 1 1
github.com/api7/api7-ee-3-dashboard/internal/pkg/api/api_runtime/service_conflict_check.go:88.26,89.22 1 1
github.com/api7/api7-ee-3-dashboard/internal/pkg/api/api_runtime/service_conflict_check.go:89.22,90.54 1 1
github.com/api7/api7-ee-3-dashboard/internal/pkg/api/api_runtime/service_conflict_check.go:90.54,92.5 1 0
github.com/api7/api7-ee-3-dashboard/internal/pkg/api/api_runtime/service_conflict_check.go:94.4,94.50 1 1
github.com/api7/api7-ee-3-dashboard/internal/pkg/api/api_runtime/service_conflict_check.go:94.50,96.5 1 1
github.com/api7/api7-ee-3-dashboard/internal/pkg/api/api_runtime/service_conflict_check.go:98.4,98.19 1 0
github.com/api7/api7-ee-3-dashboard/internal/pkg/api/api_runtime/service_conflict_check.go:99.9,101.4 1 1
github.com/api7/api7-ee-3-dashboard/internal/pkg/api/api_runtime/service_conflict_check.go:102.8,103.22 1 1
github.com/api7/api7-ee-3-dashboard/internal/pkg/api/api_runtime/service_conflict_check.go:103.22,104.36 1 1
github.com/api7/api7-ee-3-dashboard/internal/pkg/api/api_runtime/service_conflict_check.go:104.36,106.27 2 1
github.com/api7/api7-ee-3-dashboard/internal/pkg/api/api_runtime/service_conflict_check.go:106.27,108.6 1 1
github.com/api7/api7-ee-3-dashboard/internal/pkg/api/api_runtime/service_conflict_check.go:112.3,112.22 1 1
github.com/api7/api7-ee-3-dashboard/internal/pkg/api/api_runtime/service_conflict_check.go:112.22,113.36 1 1
github.com/api7/api7-ee-3-dashboard/internal/pkg/api/api_runtime/service_conflict_check.go:113.36,115.27 2 1
github.com/api7/api7-ee-3-dashboard/internal/pkg/api/api_runtime/service_conflict_check.go:115.27,117.6 1 1
github.com/api7/api7-ee-3-dashboard/internal/pkg/api/api_runtime/service_conflict_check.go:122.2,122.17 1 1
github.com/api7/api7-ee-3-dashboard/internal/pkg/api/api_runtime/service_conflict_check.go:125.112,126.35 1 1
github.com/api7/api7-ee-3-dashboard/internal/pkg/api/api_runtime/service_conflict_check.go:126.35,128.3 1 1
github.com/api7/api7-ee-3-dashboard/internal/pkg/api/api_runtime/service_conflict_check.go:130.2,132.20 3 1
github.com/api7/api7-ee-3-dashboard/internal/pkg/api/api_runtime/service_conflict_check.go:132.20,134.3 1 1
github.com/api7/api7-ee-3-dashboard/internal/pkg/api/api_runtime/service_conflict_check.go:138.2,138.108 1 1
github.com/api7/api7-ee-3-dashboard/internal/pkg/api/api_runtime/service_conflict_check.go:138.108,139.49 1 1
github.com/api7/api7-ee-3-dashboard/internal/pkg/api/api_runtime/service_conflict_check.go:139.49,142.4 1 1
github.com/api7/api7-ee-3-dashboard/internal/pkg/api/api_runtime/service_conflict_check.go:145.2,145.17 1 1
github.com/api7/api7-ee-3-dashboard/internal/pkg/api/api_runtime/service_conflict_check.go:151.164,153.34 2 0
github.com/api7/api7-ee-3-dashboard/internal/pkg/api/api_runtime/service_conflict_check.go:153.34,154.28 1 0
github.com/api7/api7-ee-3-dashboard/internal/pkg/api/api_runtime/service_conflict_check.go:154.28,156.4 1 0
github.com/api7/api7-ee-3-dashboard/internal/pkg/api/api_runtime/service_conflict_check.go:158.3,158.36 1 0
github.com/api7/api7-ee-3-dashboard/internal/pkg/api/api_runtime/service_conflict_check.go:158.36,159.52 1 0
github.com/api7/api7-ee-3-dashboard/internal/pkg/api/api_runtime/service_conflict_check.go:159.52,160.38 1 0
github.com/api7/api7-ee-3-dashboard/internal/pkg/api/api_runtime/service_conflict_check.go:160.38,170.6 2 0
github.com/api7/api7-ee-3-dashboard/internal/pkg/api/api_runtime/service_conflict_check.go:175.2,175.13 1 0
github.com/api7/api7-ee-3-dashboard/internal/pkg/api/api_runtime/service_conflict_check.go:178.242,182.32 3 0
github.com/api7/api7-ee-3-dashboard/internal/pkg/api/api_runtime/service_conflict_check.go:182.32,184.3 1 0
github.com/api7/api7-ee-3-dashboard/internal/pkg/api/api_runtime/service_conflict_check.go:186.2,186.40 1 0
github.com/api7/api7-ee-3-dashboard/internal/pkg/api/api_runtime/service_conflict_check.go:186.40,187.56 1 0
github.com/api7/api7-ee-3-dashboard/internal/pkg/api/api_runtime/service_conflict_check.go:187.56,188.37 1 0
github.com/api7/api7-ee-3-dashboard/internal/pkg/api/api_runtime/service_conflict_check.go:188.37,197.65 2 0
github.com/api7/api7-ee-3-dashboard/internal/pkg/api/api_runtime/service_conflict_check.go:197.65,198.52 1 0
github.com/api7/api7-ee-3-dashboard/internal/pkg/api/api_runtime/service_conflict_check.go:199.23,200.125 1 0
github.com/api7/api7-ee-3-dashboard/internal/pkg/api/api_runtime/service_conflict_check.go:201.21,202.121 1 0
github.com/api7/api7-ee-3-dashboard/internal/pkg/api/api_runtime/service_conflict_check.go:209.2,209.43 1 0
github.com/api7/api7-ee-3-dashboard/internal/pkg/api/api_runtime/service_conflict_check.go:212.179,214.43 2 0
github.com/api7/api7-ee-3-dashboard/internal/pkg/api/api_runtime/service_conflict_check.go:214.43,217.3 2 0
github.com/api7/api7-ee-3-dashboard/internal/pkg/api/api_runtime/service_conflict_check.go:218.2,218.41 1 0
github.com/api7/api7-ee-3-dashboard/internal/pkg/api/api_runtime/service_conflict_check.go:218.41,221.3 2 0
github.com/api7/api7-ee-3-dashboard/internal/pkg/api/api_runtime/service_conflict_check.go:223.2,226.16 2 0
github.com/api7/api7-ee-3-dashboard/internal/pkg/api/api_runtime/service_conflict_check.go:226.16,228.3 1 0
github.com/api7/api7-ee-3-dashboard/internal/pkg/api/api_runtime/service_conflict_check.go:230.2,231.31 2 0
github.com/api7/api7-ee-3-dashboard/internal/pkg/api/api_runtime/service_conflict_check.go:231.31,233.3 1 0
github.com/api7/api7-ee-3-dashboard/internal/pkg/api/api_runtime/service_conflict_check.go:236.2,237.43 2 0
github.com/api7/api7-ee-3-dashboard/internal/pkg/api/api_runtime/service_conflict_check.go:237.43,238.30 1 0
github.com/api7/api7-ee-3-dashboard/internal/pkg/api/api_runtime/service_conflict_check.go:238.30,241.31 2 0
github.com/api7/api7-ee-3-dashboard/internal/pkg/api/api_runtime/service_conflict_check.go:241.31,243.5 1 0
github.com/api7/api7-ee-3-dashboard/internal/pkg/api/api_runtime/service_conflict_check.go:245.4,245.48 1 0
github.com/api7/api7-ee-3-dashboard/internal/pkg/api/api_runtime/service_conflict_check.go:245.48,247.5 1 0
github.com/api7/api7-ee-3-dashboard/internal/pkg/api/api_runtime/service_conflict_check.go:250.2,251.31 2 0
github.com/api7/api7-ee-3-dashboard/internal/pkg/api/api_runtime/service_conflict_check.go:251.31,253.3 1 0
github.com/api7/api7-ee-3-dashboard/internal/pkg/api/api_runtime/service_conflict_check.go:254.2,256.45 2 0
github.com/api7/api7-ee-3-dashboard/internal/pkg/api/api_runtime/service_conflict_check.go:256.45,257.32 1 0
github.com/api7/api7-ee-3-dashboard/internal/pkg/api/api_runtime/service_conflict_check.go:257.32,259.4 1 0
github.com/api7/api7-ee-3-dashboard/internal/pkg/api/api_runtime/service_conflict_check.go:260.3,260.34 1 0
github.com/api7/api7-ee-3-dashboard/internal/pkg/api/api_runtime/service_conflict_check.go:260.34,262.4 1 0
github.com/api7/api7-ee-3-dashboard/internal/pkg/api/api_runtime/service_conflict_check.go:265.2,265.22 1 0
github.com/api7/api7-ee-3-dashboard/internal/pkg/api/api_runtime/service_conflict_check.go:268.169,275.39 5 0
github.com/api7/api7-ee-3-dashboard/internal/pkg/api/api_runtime/service_conflict_check.go:275.39,277.3 1 0
github.com/api7/api7-ee-3-dashboard/internal/pkg/api/api_runtime/service_conflict_check.go:280.2,280.41 1 0
github.com/api7/api7-ee-3-dashboard/internal/pkg/api/api_runtime/service_conflict_check.go:280.41,282.17 2 0
github.com/api7/api7-ee-3-dashboard/internal/pkg/api/api_runtime/service_conflict_check.go:282.17,284.4 1 0
github.com/api7/api7-ee-3-dashboard/internal/pkg/api/api_runtime/service_conflict_check.go:287.3,287.52 1 0
github.com/api7/api7-ee-3-dashboard/internal/pkg/api/api_runtime/service_conflict_check.go:287.52,296.4 1 0
github.com/api7/api7-ee-3-dashboard/internal/pkg/api/api_runtime/service_conflict_check.go:298.3,299.17 2 0
github.com/api7/api7-ee-3-dashboard/internal/pkg/api/api_runtime/service_conflict_check.go:299.17,301.4 1 0
github.com/api7/api7-ee-3-dashboard/internal/pkg/api/api_runtime/service_conflict_check.go:302.3,302.28 1 0
github.com/api7/api7-ee-3-dashboard/internal/pkg/api/api_runtime/service_conflict_check.go:302.28,304.4 1 0
github.com/api7/api7-ee-3-dashboard/internal/pkg/api/api_runtime/service_conflict_check.go:308.3,310.70 3 0
github.com/api7/api7-ee-3-dashboard/internal/pkg/api/api_runtime/service_conflict_check.go:312.2,312.39 1 0
github.com/api7/api7-ee-3-dashboard/internal/pkg/api/api_runtime/service_conflict_check.go:315.79,316.30 1 0
github.com/api7/api7-ee-3-dashboard/internal/pkg/api/api_runtime/service_conflict_check.go:316.30,318.70 2 0
github.com/api7/api7-ee-3-dashboard/internal/pkg/api/api_runtime/service_conflict_check.go:318.70,321.4 2 0
github.com/api7/api7-ee-3-dashboard/internal/pkg/api/api_runtime/service_conflict_check.go:323.3,324.24 2 0
github.com/api7/api7-ee-3-dashboard/internal/pkg/api/api_runtime/service_conflict_check.go:324.24,326.4 1 0
github.com/api7/api7-ee-3-dashboard/internal/pkg/api/api_runtime/service_conflict_check.go:328.3,328.73 1 0
github.com/api7/api7-ee-3-dashboard/internal/pkg/api/api_runtime/service_conflict_check.go:332.194,337.31 2 0
github.com/api7/api7-ee-3-dashboard/internal/pkg/api/api_runtime/service_conflict_check.go:337.31,339.23 2 0
github.com/api7/api7-ee-3-dashboard/internal/pkg/api/api_runtime/service_conflict_check.go:339.23,341.4 1 0
github.com/api7/api7-ee-3-dashboard/internal/pkg/api/api_runtime/service_conflict_check.go:341.9,343.4 1 0
github.com/api7/api7-ee-3-dashboard/internal/pkg/api/api_runtime/service_conflict_check.go:345.2,345.21 1 0
github.com/api7/api7-ee-3-dashboard/internal/pkg/api/api_runtime/service_conflict_check.go:345.21,347.3 1 0
github.com/api7/api7-ee-3-dashboard/internal/pkg/api/api_runtime/service_conflict_check.go:349.2,349.45 1 0
github.com/api7/api7-ee-3-dashboard/internal/pkg/api/api_runtime/service_conflict_check.go:349.45,354.3 2 0
github.com/api7/api7-ee-3-dashboard/internal/pkg/api/api_runtime/service_conflict_check.go:356.2,356.53 1 0
github.com/api7/api7-ee-3-dashboard/internal/pkg/api/api_runtime/service_conflict_check.go:356.53,358.17 2 0
github.com/api7/api7-ee-3-dashboard/internal/pkg/api/api_runtime/service_conflict_check.go:358.17,360.4 1 0
github.com/api7/api7-ee-3-dashboard/internal/pkg/api/api_runtime/service_conflict_check.go:361.3,361.24 1 0
github.com/api7/api7-ee-3-dashboard/internal/pkg/api/api_runtime/service_conflict_check.go:361.24,367.4 1 0
github.com/api7/api7-ee-3-dashboard/internal/pkg/api/api_runtime/service_conflict_check.go:368.3,368.21 1 0
github.com/api7/api7-ee-3-dashboard/internal/pkg/api/api_runtime/service_conflict_check.go:371.2,371.8 1 0
github.com/api7/api7-ee-3-dashboard/internal/pkg/api/api_runtime/service_publish.go:27.173,39.2 1 0
github.com/api7/api7-ee-3-dashboard/internal/pkg/api/api_runtime/service_publish.go:41.63,42.30 1 0
github.com/api7/api7-ee-3-dashboard/internal/pkg/api/api_runtime/service_publish.go:42.30,44.70 2 0
github.com/api7/api7-ee-3-dashboard/internal/pkg/api/api_runtime/service_publish.go:44.70,47.4 2 0
github.com/api7/api7-ee-3-dashboard/internal/pkg/api/api_runtime/service_publish.go:49.3,53.24 4 0
github.com/api7/api7-ee-3-dashboard/internal/pkg/api/api_runtime/service_publish.go:53.24,55.4 1 0
github.com/api7/api7-ee-3-dashboard/internal/pkg/api/api_runtime/service_publish.go:57.3,58.24 2 0
github.com/api7/api7-ee-3-dashboard/internal/pkg/api/api_runtime/service_publish.go:58.24,60.4 1 0
github.com/api7/api7-ee-3-dashboard/internal/pkg/api/api_runtime/service_publish.go:62.3,62.60 1 0
github.com/api7/api7-ee-3-dashboard/internal/pkg/api/api_runtime/service_publish.go:62.60,65.4 2 0
github.com/api7/api7-ee-3-dashboard/internal/pkg/api/api_runtime/service_publish.go:67.3,67.31 1 0
github.com/api7/api7-ee-3-dashboard/internal/pkg/api/api_runtime/service_publish.go:67.31,68.41 1 0
github.com/api7/api7-ee-3-dashboard/internal/pkg/api/api_runtime/service_publish.go:68.41,70.109 2 0
github.com/api7/api7-ee-3-dashboard/internal/pkg/api/api_runtime/service_publish.go:70.109,72.6 1 0
github.com/api7/api7-ee-3-dashboard/internal/pkg/api/api_runtime/service_publish.go:76.3,76.32 1 0
github.com/api7/api7-ee-3-dashboard/internal/pkg/api/api_runtime/service_publish.go:76.32,78.41 2 0
github.com/api7/api7-ee-3-dashboard/internal/pkg/api/api_runtime/service_publish.go:78.41,79.35 1 0
github.com/api7/api7-ee-3-dashboard/internal/pkg/api/api_runtime/service_publish.go:79.35,82.6 2 0
github.com/api7/api7-ee-3-dashboard/internal/pkg/api/api_runtime/service_publish.go:83.5,83.72 1 0
github.com/api7/api7-ee-3-dashboard/internal/pkg/api/api_runtime/service_publish.go:86.4,87.25 2 0
github.com/api7/api7-ee-3-dashboard/internal/pkg/api/api_runtime/service_publish.go:87.25,89.5 1 0
github.com/api7/api7-ee-3-dashboard/internal/pkg/api/api_runtime/service_publish.go:90.4,90.40 1 0
github.com/api7/api7-ee-3-dashboard/internal/pkg/api/api_runtime/service_publish.go:90.40,91.109 1 0
github.com/api7/api7-ee-3-dashboard/internal/pkg/api/api_runtime/service_publish.go:91.109,93.6 1 0
github.com/api7/api7-ee-3-dashboard/internal/pkg/api/api_runtime/service_publish.go:97.3,98.24 2 0
github.com/api7/api7-ee-3-dashboard/internal/pkg/api/api_runtime/service_publish.go:98.24,100.4 1 0
github.com/api7/api7-ee-3-dashboard/internal/pkg/api/api_runtime/service_publish.go:102.3,102.65 1 0
github.com/api7/api7-ee-3-dashboard/internal/pkg/api/api_runtime/service_publish.go:106.78,107.30 1 0
github.com/api7/api7-ee-3-dashboard/internal/pkg/api/api_runtime/service_publish.go:107.30,114.24 3 0
github.com/api7/api7-ee-3-dashboard/internal/pkg/api/api_runtime/service_publish.go:114.24,116.4 1 0
github.com/api7/api7-ee-3-dashboard/internal/pkg/api/api_runtime/service_publish.go:118.3,119.24 2 0
github.com/api7/api7-ee-3-dashboard/internal/pkg/api/api_runtime/service_publish.go:119.24,121.4 1 0
github.com/api7/api7-ee-3-dashboard/internal/pkg/api/api_runtime/service_publish.go:123.3,133.25 1 0
github.com/api7/api7-ee-3-dashboard/internal/pkg/api/api_runtime/service_publish.go:133.25,135.4 1 0
github.com/api7/api7-ee-3-dashboard/internal/pkg/api/api_runtime/service_publish.go:137.3,138.24 2 0
github.com/api7/api7-ee-3-dashboard/internal/pkg/api/api_runtime/service_publish.go:138.24,140.4 1 0
github.com/api7/api7-ee-3-dashboard/internal/pkg/api/api_runtime/service_publish.go:141.3,141.68 1 0
github.com/api7/api7-ee-3-dashboard/internal/pkg/api/api_runtime/service_publish.go:141.68,144.4 2 0
github.com/api7/api7-ee-3-dashboard/internal/pkg/api/api_runtime/service_publish.go:146.3,147.24 2 0
github.com/api7/api7-ee-3-dashboard/internal/pkg/api/api_runtime/service_publish.go:147.24,149.4 1 0
github.com/api7/api7-ee-3-dashboard/internal/pkg/api/api_runtime/service_publish.go:151.3,151.65 1 0
github.com/api7/api7-ee-3-dashboard/internal/pkg/api/api_runtime/service_publish.go:155.86,156.30 1 0
github.com/api7/api7-ee-3-dashboard/internal/pkg/api/api_runtime/service_publish.go:156.30,161.24 4 0
github.com/api7/api7-ee-3-dashboard/internal/pkg/api/api_runtime/service_publish.go:161.24,163.4 1 0
github.com/api7/api7-ee-3-dashboard/internal/pkg/api/api_runtime/service_publish.go:165.3,165.73 1 0
github.com/api7/api7-ee-3-dashboard/internal/pkg/api/api_runtime/service_publish.go:169.89,170.30 1 0
github.com/api7/api7-ee-3-dashboard/internal/pkg/api/api_runtime/service_publish.go:170.30,175.68 2 0
github.com/api7/api7-ee-3-dashboard/internal/pkg/api/api_runtime/service_publish.go:175.68,178.4 2 0
github.com/api7/api7-ee-3-dashboard/internal/pkg/api/api_runtime/service_publish.go:179.3,184.24 5 0
github.com/api7/api7-ee-3-dashboard/internal/pkg/api/api_runtime/service_publish.go:184.24,186.4 1 0
github.com/api7/api7-ee-3-dashboard/internal/pkg/api/api_runtime/service_publish.go:188.3,189.24 2 0
github.com/api7/api7-ee-3-dashboard/internal/pkg/api/api_runtime/service_publish.go:189.24,191.4 1 0
github.com/api7/api7-ee-3-dashboard/internal/pkg/api/api_runtime/service_publish.go:193.3,203.25 1 0
github.com/api7/api7-ee-3-dashboard/internal/pkg/api/api_runtime/service_publish.go:203.25,205.4 1 0
github.com/api7/api7-ee-3-dashboard/internal/pkg/api/api_runtime/service_publish.go:207.3,208.24 2 0
github.com/api7/api7-ee-3-dashboard/internal/pkg/api/api_runtime/service_publish.go:208.24,210.4 1 0
github.com/api7/api7-ee-3-dashboard/internal/pkg/api/api_runtime/service_publish.go:212.3,213.24 2 0
github.com/api7/api7-ee-3-dashboard/internal/pkg/api/api_runtime/service_publish.go:213.24,215.4 1 0
github.com/api7/api7-ee-3-dashboard/internal/pkg/api/api_runtime/service_publish.go:217.3,218.24 2 0
github.com/api7/api7-ee-3-dashboard/internal/pkg/api/api_runtime/service_publish.go:218.24,220.4 1 0
github.com/api7/api7-ee-3-dashboard/internal/pkg/api/api_runtime/service_publish.go:222.3,222.54 1 0
github.com/api7/api7-ee-3-dashboard/internal/pkg/api/api_runtime/service_publish.go:222.54,227.4 3 0
github.com/api7/api7-ee-3-dashboard/internal/pkg/api/api_runtime/service_publish.go:229.3,230.54 2 0
github.com/api7/api7-ee-3-dashboard/internal/pkg/api/api_runtime/service_publish.go:230.54,232.4 1 0
github.com/api7/api7-ee-3-dashboard/internal/pkg/api/api_runtime/service_publish.go:234.3,240.24 2 0
github.com/api7/api7-ee-3-dashboard/internal/pkg/api/api_runtime/service_publish.go:240.24,242.4 1 0
github.com/api7/api7-ee-3-dashboard/internal/pkg/api/api_runtime/service_publish.go:244.3,244.72 1 0
github.com/api7/api7-ee-3-dashboard/internal/pkg/api/api_runtime/service_publish.go:248.123,249.30 1 0
github.com/api7/api7-ee-3-dashboard/internal/pkg/api/api_runtime/service_publish.go:249.30,251.40 2 0
github.com/api7/api7-ee-3-dashboard/internal/pkg/api/api_runtime/service_publish.go:251.40,253.4 1 0
github.com/api7/api7-ee-3-dashboard/internal/pkg/api/api_runtime/service_publish.go:254.3,255.17 2 0
github.com/api7/api7-ee-3-dashboard/internal/pkg/api/api_runtime/service_publish.go:255.17,257.4 1 0
github.com/api7/api7-ee-3-dashboard/internal/pkg/api/api_runtime/service_publish.go:258.3,258.40 1 0
github.com/api7/api7-ee-3-dashboard/internal/pkg/api/api_runtime/service_publish.go:258.40,260.4 1 0
github.com/api7/api7-ee-3-dashboard/internal/pkg/api/api_runtime/service_publish.go:262.3,263.38 2 0
github.com/api7/api7-ee-3-dashboard/internal/pkg/api/api_runtime/service_publish.go:263.38,265.4 1 0
github.com/api7/api7-ee-3-dashboard/internal/pkg/api/api_runtime/service_publish.go:267.3,267.47 1 0
github.com/api7/api7-ee-3-dashboard/internal/pkg/api/api_runtime/service_publish.go:267.47,268.93 1 0
github.com/api7/api7-ee-3-dashboard/internal/pkg/api/api_runtime/service_publish.go:268.93,270.5 1 0
github.com/api7/api7-ee-3-dashboard/internal/pkg/api/api_runtime/service_publish.go:272.8,274.40 2 0
github.com/api7/api7-ee-3-dashboard/internal/pkg/api/api_runtime/service_publish.go:274.40,276.4 1 0
github.com/api7/api7-ee-3-dashboard/internal/pkg/api/api_runtime/service_publish.go:277.3,278.17 2 0
github.com/api7/api7-ee-3-dashboard/internal/pkg/api/api_runtime/service_publish.go:278.17,280.4 1 0
github.com/api7/api7-ee-3-dashboard/internal/pkg/api/api_runtime/service_publish.go:281.3,281.53 1 0
github.com/api7/api7-ee-3-dashboard/internal/pkg/api/api_runtime/service_publish.go:281.53,283.4 1 0
github.com/api7/api7-ee-3-dashboard/internal/pkg/api/api_runtime/service_publish.go:285.3,286.38 2 0
github.com/api7/api7-ee-3-dashboard/internal/pkg/api/api_runtime/service_publish.go:286.38,288.4 1 0
github.com/api7/api7-ee-3-dashboard/internal/pkg/api/api_runtime/service_publish.go:290.3,290.47 1 0
github.com/api7/api7-ee-3-dashboard/internal/pkg/api/api_runtime/service_publish.go:290.47,291.88 1 0
github.com/api7/api7-ee-3-dashboard/internal/pkg/api/api_runtime/service_publish.go:291.88,293.5 1 0
github.com/api7/api7-ee-3-dashboard/internal/pkg/api/api_runtime/service_publish.go:297.2,297.12 1 0
github.com/api7/api7-ee-3-dashboard/internal/pkg/api/api_runtime/service_registry.go:17.74,18.30 1 0
github.com/api7/api7-ee-3-dashboard/internal/pkg/api/api_runtime/service_registry.go:18.30,23.3 3 0
github.com/api7/api7-ee-3-dashboard/internal/pkg/api/api_runtime/service_registry.go:26.77,27.30 1 0
github.com/api7/api7-ee-3-dashboard/internal/pkg/api/api_runtime/service_registry.go:27.30,29.70 2 0
github.com/api7/api7-ee-3-dashboard/internal/pkg/api/api_runtime/service_registry.go:29.70,31.4 1 0
github.com/api7/api7-ee-3-dashboard/internal/pkg/api/api_runtime/service_registry.go:32.3,36.24 4 0
github.com/api7/api7-ee-3-dashboard/internal/pkg/api/api_runtime/service_registry.go:36.24,38.4 1 0
github.com/api7/api7-ee-3-dashboard/internal/pkg/api/api_runtime/service_registry.go:40.3,44.73 4 0
github.com/api7/api7-ee-3-dashboard/internal/pkg/api/api_runtime/service_registry.go:48.77,49.30 1 0
github.com/api7/api7-ee-3-dashboard/internal/pkg/api/api_runtime/service_registry.go:49.30,51.70 2 0
github.com/api7/api7-ee-3-dashboard/internal/pkg/api/api_runtime/service_registry.go:51.70,54.4 2 0
github.com/api7/api7-ee-3-dashboard/internal/pkg/api/api_runtime/service_registry.go:55.3,65.24 9 0
github.com/api7/api7-ee-3-dashboard/internal/pkg/api/api_runtime/service_registry.go:65.24,67.4 1 0
github.com/api7/api7-ee-3-dashboard/internal/pkg/api/api_runtime/service_registry.go:68.3,69.73 2 0
github.com/api7/api7-ee-3-dashboard/internal/pkg/api/api_runtime/service_registry.go:72.77,73.30 1 0
github.com/api7/api7-ee-3-dashboard/internal/pkg/api/api_runtime/service_registry.go:73.30,75.52 2 0
github.com/api7/api7-ee-3-dashboard/internal/pkg/api/api_runtime/service_registry.go:75.52,78.4 2 0
github.com/api7/api7-ee-3-dashboard/internal/pkg/api/api_runtime/service_registry.go:79.3,82.24 3 0
github.com/api7/api7-ee-3-dashboard/internal/pkg/api/api_runtime/service_registry.go:82.24,84.4 1 0
github.com/api7/api7-ee-3-dashboard/internal/pkg/api/api_runtime/service_registry.go:86.3,86.33 1 0
github.com/api7/api7-ee-3-dashboard/internal/pkg/api/api_runtime/service_registry.go:86.33,88.4 1 0
github.com/api7/api7-ee-3-dashboard/internal/pkg/api/api_runtime/service_registry.go:90.3,90.86 1 0
github.com/api7/api7-ee-3-dashboard/internal/pkg/api/api_runtime/service_registry.go:94.77,95.30 1 0
github.com/api7/api7-ee-3-dashboard/internal/pkg/api/api_runtime/service_registry.go:95.30,100.24 4 0
github.com/api7/api7-ee-3-dashboard/internal/pkg/api/api_runtime/service_registry.go:100.24,102.4 1 0
github.com/api7/api7-ee-3-dashboard/internal/pkg/api/api_runtime/service_registry.go:103.3,103.65 1 0
github.com/api7/api7-ee-3-dashboard/internal/pkg/api/api_runtime/service_registry.go:107.92,108.30 1 0
github.com/api7/api7-ee-3-dashboard/internal/pkg/api/api_runtime/service_registry.go:108.30,110.52 2 0
github.com/api7/api7-ee-3-dashboard/internal/pkg/api/api_runtime/service_registry.go:110.52,113.4 2 0
github.com/api7/api7-ee-3-dashboard/internal/pkg/api/api_runtime/service_registry.go:114.3,119.24 5 0
github.com/api7/api7-ee-3-dashboard/internal/pkg/api/api_runtime/service_registry.go:119.24,121.4 1 0
github.com/api7/api7-ee-3-dashboard/internal/pkg/api/api_runtime/service_registry.go:123.3,123.93 1 0
github.com/api7/api7-ee-3-dashboard/internal/pkg/api/api_runtime/service_registry.go:127.91,128.30 1 0
github.com/api7/api7-ee-3-dashboard/internal/pkg/api/api_runtime/service_registry.go:128.30,132.24 3 0
github.com/api7/api7-ee-3-dashboard/internal/pkg/api/api_runtime/service_registry.go:132.24,134.4 1 0
github.com/api7/api7-ee-3-dashboard/internal/pkg/api/api_runtime/service_registry.go:136.3,136.33 1 0
github.com/api7/api7-ee-3-dashboard/internal/pkg/api/api_runtime/service_registry.go:136.33,138.4 1 0
github.com/api7/api7-ee-3-dashboard/internal/pkg/api/api_runtime/service_registry.go:140.3,140.67 1 0
github.com/api7/api7-ee-3-dashboard/internal/pkg/api/api_runtime/service_registry.go:144.93,145.30 1 0
github.com/api7/api7-ee-3-dashboard/internal/pkg/api/api_runtime/service_registry.go:145.30,149.41 2 0
github.com/api7/api7-ee-3-dashboard/internal/pkg/api/api_runtime/service_registry.go:149.41,153.4 3 0
github.com/api7/api7-ee-3-dashboard/internal/pkg/api/api_runtime/service_registry.go:155.3,157.24 3 0
github.com/api7/api7-ee-3-dashboard/internal/pkg/api/api_runtime/service_registry.go:157.24,159.4 1 0
github.com/api7/api7-ee-3-dashboard/internal/pkg/api/api_runtime/service_registry.go:161.3,161.83 1 0
github.com/api7/api7-ee-3-dashboard/internal/pkg/api/api_runtime/service_version.go:16.76,17.30 1 0
github.com/api7/api7-ee-3-dashboard/internal/pkg/api/api_runtime/service_version.go:17.30,20.24 3 0
github.com/api7/api7-ee-3-dashboard/internal/pkg/api/api_runtime/service_version.go:20.24,22.4 1 0
github.com/api7/api7-ee-3-dashboard/internal/pkg/api/api_runtime/service_version.go:24.3,24.79 1 0
github.com/api7/api7-ee-3-dashboard/internal/pkg/api/api_runtime/service_version.go:28.89,29.30 1 0
github.com/api7/api7-ee-3-dashboard/internal/pkg/api/api_runtime/service_version.go:29.30,33.24 4 0
github.com/api7/api7-ee-3-dashboard/internal/pkg/api/api_runtime/service_version.go:33.24,35.4 1 0
github.com/api7/api7-ee-3-dashboard/internal/pkg/api/api_runtime/service_version.go:36.3,36.79 1 0
github.com/api7/api7-ee-3-dashboard/internal/pkg/api/api_runtime/service_version.go:40.83,41.30 1 0
github.com/api7/api7-ee-3-dashboard/internal/pkg/api/api_runtime/service_version.go:41.30,45.46 2 0
github.com/api7/api7-ee-3-dashboard/internal/pkg/api/api_runtime/service_version.go:45.46,48.4 2 0
github.com/api7/api7-ee-3-dashboard/internal/pkg/api/api_runtime/service_version.go:50.3,52.24 3 0
github.com/api7/api7-ee-3-dashboard/internal/pkg/api/api_runtime/service_version.go:52.24,54.4 1 0
github.com/api7/api7-ee-3-dashboard/internal/pkg/api/api_runtime/service_version.go:56.3,56.89 1 0
github.com/api7/api7-ee-3-dashboard/internal/pkg/api/api_runtime/service_version.go:60.83,61.30 1 0
github.com/api7/api7-ee-3-dashboard/internal/pkg/api/api_runtime/service_version.go:61.30,65.24 4 0
github.com/api7/api7-ee-3-dashboard/internal/pkg/api/api_runtime/service_version.go:65.24,67.4 1 0
github.com/api7/api7-ee-3-dashboard/internal/pkg/api/api_runtime/service_version.go:69.3,69.77 1 0
github.com/api7/api7-ee-3-dashboard/internal/pkg/api/api_runtime/service_version.go:73.81,74.30 1 0
github.com/api7/api7-ee-3-dashboard/internal/pkg/api/api_runtime/service_version.go:74.30,78.24 4 0
github.com/api7/api7-ee-3-dashboard/internal/pkg/api/api_runtime/service_version.go:78.24,80.4 1 0
github.com/api7/api7-ee-3-dashboard/internal/pkg/api/api_runtime/service_version.go:82.3,82.77 1 0
github.com/api7/api7-ee-3-dashboard/internal/pkg/api/api_runtime/service_version.go:86.80,87.30 1 0
github.com/api7/api7-ee-3-dashboard/internal/pkg/api/api_runtime/service_version.go:87.30,91.24 3 0
github.com/api7/api7-ee-3-dashboard/internal/pkg/api/api_runtime/service_version.go:91.24,93.4 1 0
github.com/api7/api7-ee-3-dashboard/internal/pkg/api/api_runtime/service_version.go:94.3,94.34 1 0
github.com/api7/api7-ee-3-dashboard/internal/pkg/api/api_runtime/service_version.go:94.34,97.4 2 0
github.com/api7/api7-ee-3-dashboard/internal/pkg/api/api_runtime/service_version.go:99.3,102.24 2 0
github.com/api7/api7-ee-3-dashboard/internal/pkg/api/api_runtime/service_version.go:102.24,104.4 1 0
github.com/api7/api7-ee-3-dashboard/internal/pkg/api/api_runtime/service_version.go:105.3,107.42 3 0
github.com/api7/api7-ee-3-dashboard/internal/pkg/api/api_runtime/service_version.go:107.42,118.19 1 0
github.com/api7/api7-ee-3-dashboard/internal/pkg/api/api_runtime/service_version.go:118.19,120.5 1 0
github.com/api7/api7-ee-3-dashboard/internal/pkg/api/api_runtime/service_version.go:122.3,122.32 1 0
github.com/api7/api7-ee-3-dashboard/internal/pkg/api/api_runtime/service_version.go:122.32,125.4 2 0
github.com/api7/api7-ee-3-dashboard/internal/pkg/api/api_runtime/service_version.go:127.3,128.24 2 0
github.com/api7/api7-ee-3-dashboard/internal/pkg/api/api_runtime/service_version.go:128.24,130.4 1 0
github.com/api7/api7-ee-3-dashboard/internal/pkg/api/api_runtime/service_version.go:132.3,132.93 1 0
github.com/api7/api7-ee-3-dashboard/internal/pkg/api/api_runtime/service_version.go:136.94,137.30 1 0
github.com/api7/api7-ee-3-dashboard/internal/pkg/api/api_runtime/service_version.go:137.30,143.44 2 0
github.com/api7/api7-ee-3-dashboard/internal/pkg/api/api_runtime/service_version.go:143.44,146.4 2 0
github.com/api7/api7-ee-3-dashboard/internal/pkg/api/api_runtime/service_version.go:148.3,149.24 2 0
github.com/api7/api7-ee-3-dashboard/internal/pkg/api/api_runtime/service_version.go:149.24,151.4 1 0
github.com/api7/api7-ee-3-dashboard/internal/pkg/api/api_runtime/service_version.go:153.3,153.91 1 0
github.com/api7/api7-ee-3-dashboard/internal/pkg/api/api_runtime/service_version.go:157.96,158.30 1 0
github.com/api7/api7-ee-3-dashboard/internal/pkg/api/api_runtime/service_version.go:158.30,162.46 2 0
github.com/api7/api7-ee-3-dashboard/internal/pkg/api/api_runtime/service_version.go:162.46,165.4 2 0
github.com/api7/api7-ee-3-dashboard/internal/pkg/api/api_runtime/service_version.go:166.3,172.24 6 0
github.com/api7/api7-ee-3-dashboard/internal/pkg/api/api_runtime/service_version.go:172.24,174.4 1 0
github.com/api7/api7-ee-3-dashboard/internal/pkg/api/api_runtime/service_version.go:175.3,175.34 1 0
github.com/api7/api7-ee-3-dashboard/internal/pkg/api/api_runtime/service_version.go:175.34,178.4 2 0
github.com/api7/api7-ee-3-dashboard/internal/pkg/api/api_runtime/service_version.go:180.3,186.42 3 0
github.com/api7/api7-ee-3-dashboard/internal/pkg/api/api_runtime/service_version.go:186.42,197.19 1 0
github.com/api7/api7-ee-3-dashboard/internal/pkg/api/api_runtime/service_version.go:197.19,199.5 1 0
github.com/api7/api7-ee-3-dashboard/internal/pkg/api/api_runtime/service_version.go:201.3,201.35 1 0
github.com/api7/api7-ee-3-dashboard/internal/pkg/api/api_runtime/service_version.go:201.35,204.4 2 0
github.com/api7/api7-ee-3-dashboard/internal/pkg/api/api_runtime/service_version.go:206.3,207.24 2 0
github.com/api7/api7-ee-3-dashboard/internal/pkg/api/api_runtime/service_version.go:207.24,209.4 1 0
github.com/api7/api7-ee-3-dashboard/internal/pkg/api/api_runtime/service_version.go:211.3,211.93 1 0
github.com/api7/api7-ee-3-dashboard/internal/pkg/api/api_runtime/service_version.go:215.94,216.30 1 0
github.com/api7/api7-ee-3-dashboard/internal/pkg/api/api_runtime/service_version.go:216.30,222.24 3 0
github.com/api7/api7-ee-3-dashboard/internal/pkg/api/api_runtime/service_version.go:222.24,224.4 1 0
github.com/api7/api7-ee-3-dashboard/internal/pkg/api/api_runtime/service_version.go:225.3,226.81 2 0
github.com/api7/api7-ee-3-dashboard/internal/pkg/api/api_runtime/service_version.go:230.89,231.30 1 0
github.com/api7/api7-ee-3-dashboard/internal/pkg/api/api_runtime/service_version.go:231.30,233.46 2 0
github.com/api7/api7-ee-3-dashboard/internal/pkg/api/api_runtime/service_version.go:233.46,236.4 2 0
github.com/api7/api7-ee-3-dashboard/internal/pkg/api/api_runtime/service_version.go:238.3,240.24 3 0
github.com/api7/api7-ee-3-dashboard/internal/pkg/api/api_runtime/service_version.go:240.24,242.4 1 0
github.com/api7/api7-ee-3-dashboard/internal/pkg/api/api_runtime/service_version.go:244.3,244.88 1 0
github.com/api7/api7-ee-3-dashboard/internal/pkg/api/api_runtime/service_version.go:248.87,249.30 1 0
github.com/api7/api7-ee-3-dashboard/internal/pkg/api/api_runtime/service_version.go:249.30,253.24 4 0
github.com/api7/api7-ee-3-dashboard/internal/pkg/api/api_runtime/service_version.go:253.24,255.4 1 0
github.com/api7/api7-ee-3-dashboard/internal/pkg/api/api_runtime/service_version.go:256.3,256.83 1 0
github.com/api7/api7-ee-3-dashboard/internal/pkg/api/api_runtime/service_version.go:260.89,261.30 1 0
github.com/api7/api7-ee-3-dashboard/internal/pkg/api/api_runtime/service_version.go:261.30,265.24 4 0
github.com/api7/api7-ee-3-dashboard/internal/pkg/api/api_runtime/service_version.go:265.24,267.4 1 0
github.com/api7/api7-ee-3-dashboard/internal/pkg/api/api_runtime/service_version.go:268.3,268.83 1 0
github.com/api7/api7-ee-3-dashboard/internal/pkg/api/api_runtime/stream_route.go:20.73,21.30 1 0
github.com/api7/api7-ee-3-dashboard/internal/pkg/api/api_runtime/stream_route.go:21.30,26.74 2 0
github.com/api7/api7-ee-3-dashboard/internal/pkg/api/api_runtime/stream_route.go:26.74,29.4 2 0
github.com/api7/api7-ee-3-dashboard/internal/pkg/api/api_runtime/stream_route.go:30.3,33.24 3 0
github.com/api7/api7-ee-3-dashboard/internal/pkg/api/api_runtime/stream_route.go:33.24,35.4 1 0
github.com/api7/api7-ee-3-dashboard/internal/pkg/api/api_runtime/stream_route.go:37.3,37.85 1 0
github.com/api7/api7-ee-3-dashboard/internal/pkg/api/api_runtime/stream_route.go:37.85,40.4 2 0
github.com/api7/api7-ee-3-dashboard/internal/pkg/api/api_runtime/stream_route.go:43.3,43.56 1 0
github.com/api7/api7-ee-3-dashboard/internal/pkg/api/api_runtime/stream_route.go:43.56,46.4 2 0
github.com/api7/api7-ee-3-dashboard/internal/pkg/api/api_runtime/stream_route.go:48.3,48.65 1 0
github.com/api7/api7-ee-3-dashboard/internal/pkg/api/api_runtime/stream_route.go:48.65,59.26 1 0
github.com/api7/api7-ee-3-dashboard/internal/pkg/api/api_runtime/stream_route.go:59.26,61.5 1 0
github.com/api7/api7-ee-3-dashboard/internal/pkg/api/api_runtime/stream_route.go:65.3,65.47 1 0
github.com/api7/api7-ee-3-dashboard/internal/pkg/api/api_runtime/stream_route.go:65.47,66.83 1 0
github.com/api7/api7-ee-3-dashboard/internal/pkg/api/api_runtime/stream_route.go:66.83,66.120 1 0
github.com/api7/api7-ee-3-dashboard/internal/pkg/api/api_runtime/stream_route.go:66.122,70.5 2 0
github.com/api7/api7-ee-3-dashboard/internal/pkg/api/api_runtime/stream_route.go:73.3,73.86 1 0
github.com/api7/api7-ee-3-dashboard/internal/pkg/api/api_runtime/stream_route.go:73.86,76.4 2 0
github.com/api7/api7-ee-3-dashboard/internal/pkg/api/api_runtime/stream_route.go:78.3,85.51 2 0
github.com/api7/api7-ee-3-dashboard/internal/pkg/api/api_runtime/stream_route.go:85.51,86.162 1 0
github.com/api7/api7-ee-3-dashboard/internal/pkg/api/api_runtime/stream_route.go:86.162,88.5 1 0
github.com/api7/api7-ee-3-dashboard/internal/pkg/api/api_runtime/stream_route.go:89.9,90.136 1 0
github.com/api7/api7-ee-3-dashboard/internal/pkg/api/api_runtime/stream_route.go:90.136,92.5 1 0
github.com/api7/api7-ee-3-dashboard/internal/pkg/api/api_runtime/stream_route.go:95.3,99.85 4 0
github.com/api7/api7-ee-3-dashboard/internal/pkg/api/api_runtime/stream_route.go:103.68,104.30 1 0
github.com/api7/api7-ee-3-dashboard/internal/pkg/api/api_runtime/stream_route.go:104.30,107.3 2 0
github.com/api7/api7-ee-3-dashboard/internal/pkg/api/api_runtime/stream_route.go:110.73,111.30 1 0
github.com/api7/api7-ee-3-dashboard/internal/pkg/api/api_runtime/stream_route.go:111.30,119.51 2 0
github.com/api7/api7-ee-3-dashboard/internal/pkg/api/api_runtime/stream_route.go:119.51,120.162 1 0
github.com/api7/api7-ee-3-dashboard/internal/pkg/api/api_runtime/stream_route.go:120.162,122.5 1 0
github.com/api7/api7-ee-3-dashboard/internal/pkg/api/api_runtime/stream_route.go:123.9,124.136 1 0
github.com/api7/api7-ee-3-dashboard/internal/pkg/api/api_runtime/stream_route.go:124.136,126.5 1 0
github.com/api7/api7-ee-3-dashboard/internal/pkg/api/api_runtime/stream_route.go:129.3,129.35 1 0
github.com/api7/api7-ee-3-dashboard/internal/pkg/api/api_runtime/stream_route.go:133.72,134.30 1 0
github.com/api7/api7-ee-3-dashboard/internal/pkg/api/api_runtime/stream_route.go:134.30,139.46 2 0
github.com/api7/api7-ee-3-dashboard/internal/pkg/api/api_runtime/stream_route.go:139.46,142.4 2 0
github.com/api7/api7-ee-3-dashboard/internal/pkg/api/api_runtime/stream_route.go:144.3,144.65 1 0
github.com/api7/api7-ee-3-dashboard/internal/pkg/api/api_runtime/stream_route.go:144.65,145.30 1 0
github.com/api7/api7-ee-3-dashboard/internal/pkg/api/api_runtime/stream_route.go:145.30,148.5 2 0
github.com/api7/api7-ee-3-dashboard/internal/pkg/api/api_runtime/stream_route.go:149.4,150.25 2 0
github.com/api7/api7-ee-3-dashboard/internal/pkg/api/api_runtime/stream_route.go:150.25,152.5 1 0
github.com/api7/api7-ee-3-dashboard/internal/pkg/api/api_runtime/stream_route.go:153.4,163.26 1 0
github.com/api7/api7-ee-3-dashboard/internal/pkg/api/api_runtime/stream_route.go:163.26,165.5 1 0
github.com/api7/api7-ee-3-dashboard/internal/pkg/api/api_runtime/stream_route.go:168.3,171.24 3 0
github.com/api7/api7-ee-3-dashboard/internal/pkg/api/api_runtime/stream_route.go:171.24,173.4 1 0
github.com/api7/api7-ee-3-dashboard/internal/pkg/api/api_runtime/stream_route.go:174.3,174.97 1 0
github.com/api7/api7-ee-3-dashboard/internal/pkg/api/api_runtime/stream_route.go:178.73,179.30 1 0
github.com/api7/api7-ee-3-dashboard/internal/pkg/api/api_runtime/stream_route.go:179.30,186.77 2 0
github.com/api7/api7-ee-3-dashboard/internal/pkg/api/api_runtime/stream_route.go:186.77,189.4 2 0
github.com/api7/api7-ee-3-dashboard/internal/pkg/api/api_runtime/stream_route.go:191.3,191.88 1 0
github.com/api7/api7-ee-3-dashboard/internal/pkg/api/api_runtime/stream_route.go:191.88,194.4 2 0
github.com/api7/api7-ee-3-dashboard/internal/pkg/api/api_runtime/stream_route.go:196.3,201.89 5 0
github.com/api7/api7-ee-3-dashboard/internal/pkg/api/api_runtime/stream_route.go:201.89,204.4 2 0
github.com/api7/api7-ee-3-dashboard/internal/pkg/api/api_runtime/stream_route.go:207.3,207.51 1 0
github.com/api7/api7-ee-3-dashboard/internal/pkg/api/api_runtime/stream_route.go:207.51,208.162 1 0
github.com/api7/api7-ee-3-dashboard/internal/pkg/api/api_runtime/stream_route.go:208.162,210.5 1 0
github.com/api7/api7-ee-3-dashboard/internal/pkg/api/api_runtime/stream_route.go:211.9,212.136 1 0
github.com/api7/api7-ee-3-dashboard/internal/pkg/api/api_runtime/stream_route.go:212.136,214.5 1 0
github.com/api7/api7-ee-3-dashboard/internal/pkg/api/api_runtime/stream_route.go:217.3,218.85 2 0
github.com/api7/api7-ee-3-dashboard/internal/pkg/api/dataplane/healthcheck.go:15.83,16.30 1 0
github.com/api7/api7-ee-3-dashboard/internal/pkg/api/dataplane/healthcheck.go:16.30,18.74 2 0
github.com/api7/api7-ee-3-dashboard/internal/pkg/api/dataplane/healthcheck.go:18.74,21.4 2 0
github.com/api7/api7-ee-3-dashboard/internal/pkg/api/dataplane/healthcheck.go:23.3,23.91 1 0
github.com/api7/api7-ee-3-dashboard/internal/pkg/api/dataplane/healthcheck.go:23.91,25.4 1 0
github.com/api7/api7-ee-3-dashboard/internal/pkg/api/dataplane/healthcheck.go:27.3,27.35 1 0
github.com/api7/api7-ee-3-dashboard/internal/pkg/api/dataplane/heartbeat.go:21.77,24.43 2 1
github.com/api7/api7-ee-3-dashboard/internal/pkg/api/dataplane/heartbeat.go:24.43,25.33 1 1
github.com/api7/api7-ee-3-dashboard/internal/pkg/api/dataplane/heartbeat.go:25.33,27.4 1 1
github.com/api7/api7-ee-3-dashboard/internal/pkg/api/dataplane/heartbeat.go:27.9,29.4 1 1
github.com/api7/api7-ee-3-dashboard/internal/pkg/api/dataplane/heartbeat.go:32.2,32.11 1 1
github.com/api7/api7-ee-3-dashboard/internal/pkg/api/dataplane/heartbeat.go:35.101,36.37 1 0
github.com/api7/api7-ee-3-dashboard/internal/pkg/api/dataplane/heartbeat.go:36.37,39.63 2 0
github.com/api7/api7-ee-3-dashboard/internal/pkg/api/dataplane/heartbeat.go:39.63,41.11 2 0
github.com/api7/api7-ee-3-dashboard/internal/pkg/api/dataplane/heartbeat.go:41.11,42.13 1 0
github.com/api7/api7-ee-3-dashboard/internal/pkg/api/dataplane/heartbeat.go:45.4,48.5 1 0
github.com/api7/api7-ee-3-dashboard/internal/pkg/api/dataplane/heartbeat.go:50.3,51.17 2 0
github.com/api7/api7-ee-3-dashboard/internal/pkg/api/dataplane/heartbeat.go:51.17,57.4 2 0
github.com/api7/api7-ee-3-dashboard/internal/pkg/api/dataplane/heartbeat.go:60.2,60.12 1 0
github.com/api7/api7-ee-3-dashboard/internal/pkg/api/dataplane/heartbeat.go:63.67,64.30 1 0
github.com/api7/api7-ee-3-dashboard/internal/pkg/api/dataplane/heartbeat.go:64.30,66.70 2 0
github.com/api7/api7-ee-3-dashboard/internal/pkg/api/dataplane/heartbeat.go:66.70,70.4 3 0
github.com/api7/api7-ee-3-dashboard/internal/pkg/api/dataplane/heartbeat.go:72.3,85.66 3 0
github.com/api7/api7-ee-3-dashboard/internal/pkg/api/dataplane/heartbeat.go:85.66,92.4 3 0
github.com/api7/api7-ee-3-dashboard/internal/pkg/api/dataplane/heartbeat.go:94.3,94.78 1 0
github.com/api7/api7-ee-3-dashboard/internal/pkg/api/dataplane/heartbeat.go:94.78,101.4 3 0
github.com/api7/api7-ee-3-dashboard/internal/pkg/api/dataplane/heartbeat.go:103.3,103.72 1 0
[...]
github.com/api7/api7-ee-3-dashboard/internal/upgrade/v32110_login_option.go:67.60,70.5 2 0
github.com/api7/api7-ee-3-dashboard/internal/upgrade/v32110_login_option.go:71.11,73.12 2 0
github.com/api7/api7-ee-3-dashboard/internal/upgrade/v32110_login_option.go:75.3,75.18 1 0
github.com/api7/api7-ee-3-dashboard/internal/upgrade/v32110_login_option.go:75.18,78.18 3 0
github.com/api7/api7-ee-3-dashboard/internal/upgrade/v32110_login_option.go:78.18,81.13 2 0
github.com/api7/api7-ee-3-dashboard/internal/upgrade/v32110_login_option.go:86.2,86.12 1 0
github.com/api7/api7-ee-3-dashboard/internal/upgrade/v32110_role_binding.go:22.84,26.2 1 0
github.com/api7/api7-ee-3-dashboard/internal/upgrade/v32110_role_binding.go:28.54,30.2 1 0
github.com/api7/api7-ee-3-dashboard/internal/upgrade/v32110_role_binding.go:32.56,33.69 1 0
github.com/api7/api7-ee-3-dashboard/internal/upgrade/v32110_role_binding.go:33.69,34.30 1 0
github.com/api7/api7-ee-3-dashboard/internal/upgrade/v32110_role_binding.go:35.32,42.26 1 0
github.com/api7/api7-ee-3-dashboard/internal/upgrade/v32110_role_binding.go:42.26,44.5 1 0
github.com/api7/api7-ee-3-dashboard/internal/upgrade/v32110_role_binding.go:46.29,53.26 1 0
github.com/api7/api7-ee-3-dashboard/internal/upgrade/v32110_role_binding.go:53.26,55.5 1 0
github.com/api7/api7-ee-3-dashboard/internal/upgrade/v32110_role_binding.go:58.2,58.12 1 0
github.com/api7/api7-ee-3-dashboard/internal/upgrade/v32110_user.go:14.50,18.2 1 0
github.com/api7/api7-ee-3-dashboard/internal/upgrade/v32110_user.go:20.48,22.2 1 0
github.com/api7/api7-ee-3-dashboard/internal/upgrade/v32110_user.go:24.50,29.27 2 0
github.com/api7/api7-ee-3-dashboard/internal/upgrade/v32110_user.go:29.27,30.46 1 0
github.com/api7/api7-ee-3-dashboard/internal/upgrade/v32110_user.go:30.46,32.4 1 0
github.com/api7/api7-ee-3-dashboard/internal/upgrade/v32110_user.go:35.2,35.12 1 0
github.com/api7/api7-ee-3-dashboard/internal/upgrade/v32120_service_status.go:16.59,20.2 1 0
github.com/api7/api7-ee-3-dashboard/internal/upgrade/v32120_service_status.go:22.56,24.2 1 0
github.com/api7/api7-ee-3-dashboard/internal/upgrade/v32120_service_status.go:26.58,28.29 1 0
github.com/api7/api7-ee-3-dashboard/internal/upgrade/v32120_service_status.go:29.31,37.49 2 0
github.com/api7/api7-ee-3-dashboard/internal/upgrade/v32120_service_status.go:37.49,39.4 1 0
github.com/api7/api7-ee-3-dashboard/internal/upgrade/v32120_service_status.go:40.28,51.49 2 0
github.com/api7/api7-ee-3-dashboard/internal/upgrade/v32120_service_status.go:51.49,53.4 1 0
github.com/api7/api7-ee-3-dashboard/internal/upgrade/v32120_service_status.go:56.2,56.12 1 0
github.com/api7/api7-ee-3-dashboard/internal/upgrade/v32120_service_status.go:63.57,65.2 1 0
github.com/api7/api7-ee-3-dashboard/internal/upgrade/v32120_service_status.go:67.54,69.2 1 0
github.com/api7/api7-ee-3-dashboard/internal/upgrade/v32120_service_status.go:71.56,78.29 3 0
github.com/api7/api7-ee-3-dashboard/internal/upgrade/v32120_service_status.go:79.31,80.14 1 0
github.com/api7/api7-ee-3-dashboard/internal/upgrade/v32120_service_status.go:81.28,82.17 1 0
github.com/api7/api7-ee-3-dashboard/internal/upgrade/v32120_service_status.go:84.2,84.67 1 0
github.com/api7/api7-ee-3-dashboard/internal/upgrade/v32120_service_status.go:84.67,86.46 2 0
github.com/api7/api7-ee-3-dashboard/internal/upgrade/v32120_service_status.go:86.46,88.4 1 0
github.com/api7/api7-ee-3-dashboard/internal/upgrade/v32120_service_status.go:90.2,90.12 1 0
github.com/api7/api7-ee-3-dashboard/internal/upgrade/v32120_ssl_id.go:14.51,18.2 1 0
github.com/api7/api7-ee-3-dashboard/internal/upgrade/v32120_ssl_id.go:20.48,22.2 1 0
github.com/api7/api7-ee-3-dashboard/internal/upgrade/v32120_ssl_id.go:24.50,25.44 1 0
github.com/api7/api7-ee-3-dashboard/internal/upgrade/v32120_ssl_id.go:25.44,26.56 1 0
github.com/api7/api7-ee-3-dashboard/internal/upgrade/v32120_ssl_id.go:26.56,27.75 1 0
github.com/api7/api7-ee-3-dashboard/internal/upgrade/v32120_ssl_id.go:27.75,29.5 1 0
github.com/api7/api7-ee-3-dashboard/internal/upgrade/v32120_ssl_id.go:32.3,32.134 1 0
github.com/api7/api7-ee-3-dashboard/internal/upgrade/v32120_ssl_id.go:32.134,34.4 1 0
github.com/api7/api7-ee-3-dashboard/internal/upgrade/v32120_ssl_id.go:37.2,37.12 1 0
github.com/api7/api7-ee-3-dashboard/internal/upgrade/v32130_apisix_id.go:14.61,18.2 1 0
github.com/api7/api7-ee-3-dashboard/internal/upgrade/v32130_apisix_id.go:20.58,22.2 1 0
github.com/api7/api7-ee-3-dashboard/internal/upgrade/v32130_apisix_id.go:24.60,25.55 1 0
github.com/api7/api7-ee-3-dashboard/internal/upgrade/v32130_apisix_id.go:25.55,28.81 1 0
github.com/api7/api7-ee-3-dashboard/internal/upgrade/v32130_apisix_id.go:28.81,30.4 1 0
github.com/api7/api7-ee-3-dashboard/internal/upgrade/v32130_apisix_id.go:33.2,33.53 1 0
github.com/api7/api7-ee-3-dashboard/internal/upgrade/v32130_apisix_id.go:33.53,36.77 1 0
github.com/api7/api7-ee-3-dashboard/internal/upgrade/v32130_apisix_id.go:36.77,38.4 1 0
github.com/api7/api7-ee-3-dashboard/internal/upgrade/v32130_apisix_id.go:41.2,41.59 1 0
github.com/api7/api7-ee-3-dashboard/internal/upgrade/v32130_apisix_id.go:41.59,44.80 1 0
github.com/api7/api7-ee-3-dashboard/internal/upgrade/v32130_apisix_id.go:44.80,46.4 1 0
github.com/api7/api7-ee-3-dashboard/internal/upgrade/v32130_apisix_id.go:49.2,49.12 1 0
github.com/api7/api7-ee-3-dashboard/internal/upgrade/v32140_role.go:16.50,20.2 1 0
github.com/api7/api7-ee-3-dashboard/internal/upgrade/v32140_role.go:22.47,24.2 1 0
github.com/api7/api7-ee-3-dashboard/internal/upgrade/v32140_role.go:26.49,27.105 1 0
github.com/api7/api7-ee-3-dashboard/internal/upgrade/v32140_role.go:27.105,30.17 3 0
github.com/api7/api7-ee-3-dashboard/internal/upgrade/v32140_role.go:30.17,32.4 1 0
github.com/api7/api7-ee-3-dashboard/internal/upgrade/v32140_role.go:35.2,35.174 1 0
github.com/api7/api7-ee-3-dashboard/internal/upgrade/v32140_role.go:35.174,37.3 1 0
github.com/api7/api7-ee-3-dashboard/internal/upgrade/v32140_role.go:38.2,38.127 1 0
github.com/api7/api7-ee-3-dashboard/internal/upgrade/v32140_role.go:38.127,40.3 1 0
github.com/api7/api7-ee-3-dashboard/internal/upgrade/v32140_role.go:41.2,41.209 1 0
github.com/api7/api7-ee-3-dashboard/internal/upgrade/v32140_role.go:41.209,43.3 1 0
github.com/api7/api7-ee-3-dashboard/internal/upgrade/v32140_role.go:44.2,44.157 1 0
github.com/api7/api7-ee-3-dashboard/internal/upgrade/v32140_role.go:44.157,46.3 1 0
github.com/api7/api7-ee-3-dashboard/internal/upgrade/v32140_role.go:48.2,48.12 1 0
github.com/api7/api7-ee-3-dashboard/internal/upgrade/v32140_service_runtime_upstream.go:20.68,24.2 1 0
github.com/api7/api7-ee-3-dashboard/internal/upgrade/v32140_service_runtime_upstream.go:26.65,28.2 1 0
github.com/api7/api7-ee-3-dashboard/internal/upgrade/v32140_service_runtime_upstream.go:35.67,45.16 3 0
github.com/api7/api7-ee-3-dashboard/internal/upgrade/v32140_service_runtime_upstream.go:45.16,47.3 1 0
github.com/api7/api7-ee-3-dashboard/internal/upgrade/v32140_service_runtime_upstream.go:49.2,49.20 1 0
github.com/api7/api7-ee-3-dashboard/internal/upgrade/v32140_service_runtime_upstream.go:49.20,51.3 1 0
github.com/api7/api7-ee-3-dashboard/internal/upgrade/v32140_service_runtime_upstream.go:53.2,53.27 1 0
github.com/api7/api7-ee-3-dashboard/internal/upgrade/v32140_service_runtime_upstream.go:53.27,59.3 2 0
github.com/api7/api7-ee-3-dashboard/internal/upgrade/v32140_service_runtime_upstream.go:62.2,68.16 3 0
github.com/api7/api7-ee-3-dashboard/internal/upgrade/v32140_service_runtime_upstream.go:68.16,70.3 1 0
github.com/api7/api7-ee-3-dashboard/internal/upgrade/v32140_service_runtime_upstream.go:72.2,72.49 1 0
github.com/api7/api7-ee-3-dashboard/internal/upgrade/v32140_service_runtime_upstream.go:72.49,78.3 2 0
github.com/api7/api7-ee-3-dashboard/internal/upgrade/v32140_service_runtime_upstream.go:81.2,81.54 1 0
github.com/api7/api7-ee-3-dashboard/internal/upgrade/v32140_service_runtime_upstream.go:81.54,83.17 2 0
github.com/api7/api7-ee-3-dashboard/internal/upgrade/v32140_service_runtime_upstream.go:83.17,84.12 1 0
github.com/api7/api7-ee-3-dashboard/internal/upgrade/v32140_service_runtime_upstream.go:86.3,86.61 1 0
github.com/api7/api7-ee-3-dashboard/internal/upgrade/v32140_service_runtime_upstream.go:86.61,87.12 1 0
github.com/api7/api7-ee-3-dashboard/internal/upgrade/v32140_service_runtime_upstream.go:89.3,94.53 6 0
github.com/api7/api7-ee-3-dashboard/internal/upgrade/v32140_service_runtime_upstream.go:97.2,99.33 2 0
github.com/api7/api7-ee-3-dashboard/internal/upgrade/v32140_service_runtime_upstream.go:99.33,101.3 1 0
github.com/api7/api7-ee-3-dashboard/internal/upgrade/v32140_service_runtime_upstream.go:103.2,107.16 2 0
github.com/api7/api7-ee-3-dashboard/internal/upgrade/v32140_service_runtime_upstream.go:107.16,109.3 1 0
github.com/api7/api7-ee-3-dashboard/internal/upgrade/v32140_service_runtime_upstream.go:111.2,111.12 1 0
github.com/api7/api7-ee-3-dashboard/internal/upgrade/v3292.go:26.60,31.2 1 0
github.com/api7/api7-ee-3-dashboard/internal/upgrade/v3292.go:33.42,35.2 1 0
github.com/api7/api7-ee-3-dashboard/internal/upgrade/v3292.go:37.44,44.16 3 0
github.com/api7/api7-ee-3-dashboard/internal/upgrade/v3292.go:44.16,46.3 1 0
github.com/api7/api7-ee-3-dashboard/internal/upgrade/v3292.go:47.2,47.27 1 0
github.com/api7/api7-ee-3-dashboard/internal/upgrade/v3292.go:47.27,48.38 1 0
github.com/api7/api7-ee-3-dashboard/internal/upgrade/v3292.go:48.38,54.4 1 0
github.com/api7/api7-ee-3-dashboard/internal/upgrade/v3292.go:57.2,57.91 1 0
github.com/api7/api7-ee-3-dashboard/internal/upgrade/v3292.go:57.91,59.3 1 0
github.com/api7/api7-ee-3-dashboard/internal/upgrade/v3292.go:61.2,61.12 1 0
github.com/api7/api7-ee-3-dashboard/pkg/luaparser/luaparser.go:20.54,23.2 2 1
github.com/api7/api7-ee-3-dashboard/pkg/luaparser/luaparser.go:41.60,48.16 3 1
github.com/api7/api7-ee-3-dashboard/pkg/luaparser/luaparser.go:48.16,50.3 1 0
github.com/api7/api7-ee-3-dashboard/pkg/luaparser/luaparser.go:51.2,52.29 2 1
github.com/api7/api7-ee-3-dashboard/pkg/luaparser/luaparser.go:52.29,53.24 1 1
github.com/api7/api7-ee-3-dashboard/pkg/luaparser/luaparser.go:53.24,55.4 1 1
github.com/api7/api7-ee-3-dashboard/pkg/luaparser/luaparser.go:57.2,58.16 2 1
github.com/api7/api7-ee-3-dashboard/pkg/luaparser/luaparser.go:58.16,60.3 1 0
github.com/api7/api7-ee-3-dashboard/pkg/luaparser/luaparser.go:62.2,67.16 6 1
github.com/api7/api7-ee-3-dashboard/pkg/luaparser/luaparser.go:67.16,69.3 1 0
github.com/api7/api7-ee-3-dashboard/pkg/luaparser/luaparser.go:71.2,72.9 2 1
github.com/api7/api7-ee-3-dashboard/pkg/luaparser/luaparser.go:72.9,74.3 1 0
github.com/api7/api7-ee-3-dashboard/pkg/luaparser/luaparser.go:76.2,77.16 2 1
github.com/api7/api7-ee-3-dashboard/pkg/luaparser/luaparser.go:77.16,79.3 1 0
github.com/api7/api7-ee-3-dashboard/pkg/luaparser/luaparser.go:81.2,81.19 1 1
github.com/api7/api7-ee-3-dashboard/pkg/luaparser/luaparser.go:84.38,85.27 1 1
github.com/api7/api7-ee-3-dashboard/pkg/luaparser/luaparser.go:86.28,87.30 1 1
github.com/api7/api7-ee-3-dashboard/pkg/luaparser/luaparser.go:88.23,90.14 1 1
github.com/api7/api7-ee-3-dashboard/pkg/luaparser/luaparser.go:91.10,93.15 1 1
github.com/api7/api7-ee-3-dashboard/pkg/luaparser/luaparser.go:97.38,98.29 1 1
github.com/api7/api7-ee-3-dashboard/pkg/luaparser/luaparser.go:98.29,100.3 1 1
github.com/api7/api7-ee-3-dashboard/pkg/luaparser/luaparser.go:101.2,101.14 1 0
github.com/api7/api7-ee-3-dashboard/pkg/tlsutil/certificate.go:60.43,65.33 5 1
github.com/api7/api7-ee-3-dashboard/pkg/tlsutil/certificate.go:65.33,67.3 1 1
github.com/api7/api7-ee-3-dashboard/pkg/tlsutil/certificate.go:68.2,68.33 1 1
github.com/api7/api7-ee-3-dashboard/pkg/tlsutil/certificate.go:72.73,74.18 2 1
github.com/api7/api7-ee-3-dashboard/pkg/tlsutil/certificate.go:74.18,76.3 1 1
github.com/api7/api7-ee-3-dashboard/pkg/tlsutil/certificate.go:77.2,78.16 2 1
github.com/api7/api7-ee-3-dashboard/pkg/tlsutil/certificate.go:78.16,80.3 1 0
github.com/api7/api7-ee-3-dashboard/pkg/tlsutil/certificate.go:82.2,95.61 2 1
github.com/api7/api7-ee-3-dashboard/pkg/tlsutil/certificate.go:95.61,96.40 1 1
github.com/api7/api7-ee-3-dashboard/pkg/tlsutil/certificate.go:96.40,99.11 3 1
github.com/api7/api7-ee-3-dashboard/pkg/tlsutil/certificate.go:99.11,100.13 1 0
github.com/api7/api7-ee-3-dashboard/pkg/tlsutil/certificate.go:102.4,102.44 1 1
github.com/api7/api7-ee-3-dashboard/pkg/tlsutil/certificate.go:106.2,106.27 1 1
github.com/api7/api7-ee-3-dashboard/pkg/tlsutil/certificate.go:106.27,108.3 1 1
github.com/api7/api7-ee-3-dashboard/pkg/tlsutil/certificate.go:108.8,108.37 1 1
github.com/api7/api7-ee-3-dashboard/pkg/tlsutil/certificate.go:108.37,109.38 1 0
github.com/api7/api7-ee-3-dashboard/pkg/tlsutil/certificate.go:109.38,111.4 1 0
github.com/api7/api7-ee-3-dashboard/pkg/tlsutil/certificate.go:112.8,113.34 1 1
github.com/api7/api7-ee-3-dashboard/pkg/tlsutil/certificate.go:113.34,115.4 1 1
github.com/api7/api7-ee-3-dashboard/pkg/tlsutil/certificate.go:117.2,119.60 2 1
github.com/api7/api7-ee-3-dashboard/pkg/tlsutil/certificate.go:119.60,121.3 1 1
github.com/api7/api7-ee-3-dashboard/pkg/tlsutil/certificate.go:122.2,125.19 3 1
github.com/api7/api7-ee-3-dashboard/pkg/tlsutil/certificate.go:125.19,127.3 1 1
github.com/api7/api7-ee-3-dashboard/pkg/tlsutil/certificate.go:128.2,128.30 1 1
github.com/api7/api7-ee-3-dashboard/pkg/tlsutil/certificate.go:128.30,130.41 2 1
github.com/api7/api7-ee-3-dashboard/pkg/tlsutil/certificate.go:130.41,132.4 1 1
github.com/api7/api7-ee-3-dashboard/pkg/tlsutil/certificate.go:133.3,133.82 1 1
github.com/api7/api7-ee-3-dashboard/pkg/tlsutil/certificate.go:135.2,135.23 1 1
github.com/api7/api7-ee-3-dashboard/pkg/tlsutil/certificate.go:135.23,137.3 1 0
github.com/api7/api7-ee-3-dashboard/pkg/tlsutil/certificate.go:139.2,139.22 1 1
github.com/api7/api7-ee-3-dashboard/pkg/tlsutil/certificate.go:142.51,144.74 2 0
github.com/api7/api7-ee-3-dashboard/pkg/tlsutil/certificate.go:144.74,146.3 1 0
github.com/api7/api7-ee-3-dashboard/pkg/tlsutil/certificate.go:147.2,147.76 1 0
github.com/api7/api7-ee-3-dashboard/pkg/tlsutil/certificate.go:147.76,149.3 1 0
github.com/api7/api7-ee-3-dashboard/pkg/tlsutil/certificate.go:150.2,150.72 1 0
github.com/api7/api7-ee-3-dashboard/pkg/tlsutil/certificate.go:150.72,152.3 1 0
github.com/api7/api7-ee-3-dashboard/pkg/tlsutil/certificate.go:153.2,153.74 1 0
github.com/api7/api7-ee-3-dashboard/pkg/tlsutil/certificate.go:153.74,155.3 1 0
github.com/api7/api7-ee-3-dashboard/pkg/tlsutil/certificate.go:156.2,156.66 1 0
github.com/api7/api7-ee-3-dashboard/pkg/tlsutil/certificate.go:156.66,158.3 1 0
github.com/api7/api7-ee-3-dashboard/pkg/tlsutil/certificate.go:159.2,159.58 1 0
github.com/api7/api7-ee-3-dashboard/pkg/tlsutil/certificate.go:159.58,161.3 1 0
github.com/api7/api7-ee-3-dashboard/pkg/tlsutil/certificate.go:162.2,162.56 1 0
github.com/api7/api7-ee-3-dashboard/pkg/tlsutil/certificate.go:162.56,164.3 1 0
github.com/api7/api7-ee-3-dashboard/pkg/tlsutil/certificate.go:165.2,165.66 1 0
github.com/api7/api7-ee-3-dashboard/pkg/tlsutil/certificate.go:165.66,167.3 1 0
github.com/api7/api7-ee-3-dashboard/pkg/tlsutil/certificate.go:168.2,168.66 1 0
github.com/api7/api7-ee-3-dashboard/pkg/tlsutil/certificate.go:168.66,170.3 1 0
github.com/api7/api7-ee-3-dashboard/pkg/tlsutil/certificate.go:171.2,171.18 1 0
github.com/api7/api7-ee-3-dashboard/pkg/tlsutil/generate.go:14.74,17.16 2 0
github.com/api7/api7-ee-3-dashboard/pkg/tlsutil/generate.go:17.16,19.3 1 0
github.com/api7/api7-ee-3-dashboard/pkg/tlsutil/generate.go:22.2,36.16 3 0
github.com/api7/api7-ee-3-dashboard/pkg/tlsutil/generate.go:36.16,38.3 1 0
github.com/api7/api7-ee-3-dashboard/pkg/tlsutil/generate.go:41.2,43.16 3 0
github.com/api7/api7-ee-3-dashboard/pkg/tlsutil/generate.go:43.16,45.3 1 0
github.com/api7/api7-ee-3-dashboard/pkg/tlsutil/generate.go:48.2,50.16 3 0
github.com/api7/api7-ee-3-dashboard/pkg/tlsutil/generate.go:50.16,52.3 1 0
github.com/api7/api7-ee-3-dashboard/pkg/tlsutil/generate.go:54.2,54.36 1 0
github.com/api7/api7-ee-3-dashboard/pkg/tlsutil/helpers.go:9.67,11.16 2 0
github.com/api7/api7-ee-3-dashboard/pkg/tlsutil/helpers.go:11.16,13.3 1 0
github.com/api7/api7-ee-3-dashboard/pkg/tlsutil/helpers.go:15.2,15.32 1 0
github.com/api7/api7-ee-3-dashboard/pkg/tlsutil/helpers.go:15.32,17.3 1 0
github.com/api7/api7-ee-3-dashboard/pkg/tlsutil/helpers.go:20.2,21.16 2 0
github.com/api7/api7-ee-3-dashboard/pkg/tlsutil/helpers.go:21.16,23.3 1 0
github.com/api7/api7-ee-3-dashboard/pkg/tlsutil/helpers.go:25.2,25.33 1 0
github.com/api7/api7-ee-3-dashboard/pkg/tlsutil/helpers.go:25.33,27.3 1 0
github.com/api7/api7-ee-3-dashboard/pkg/tlsutil/helpers.go:29.2,29.12 1 0
github.com/api7/api7-ee-3-dashboard/sdk/http/error.go:20.32,22.2 1 0
github.com/api7/api7-ee-3-dashboard/sdk/http/http.go:51.48,53.16 2 0
github.com/api7/api7-ee-3-dashboard/sdk/http/http.go:53.16,55.3 1 0
github.com/api7/api7-ee-3-dashboard/sdk/http/http.go:57.2,62.16 3 0
github.com/api7/api7-ee-3-dashboard/sdk/http/http.go:65.59,67.2 1 0
github.com/api7/api7-ee-3-dashboard/sdk/http/http.go:69.118,74.23 4 0
github.com/api7/api7-ee-3-dashboard/sdk/http/http.go:74.23,76.3 1 0
github.com/api7/api7-ee-3-dashboard/sdk/http/http.go:78.2,81.16 3 0
github.com/api7/api7-ee-3-dashboard/sdk/http/http.go:81.16,83.3 1 0
github.com/api7/api7-ee-3-dashboard/sdk/http/http.go:85.2,85.40 1 0
github.com/api7/api7-ee-3-dashboard/sdk/http/http.go:85.40,90.3 1 0
github.com/api7/api7-ee-3-dashboard/sdk/http/http.go:92.2,92.12 1 0
github.com/api7/api7-ee-3-dashboard/sdk/http/http.go:95.100,100.23 4 0
github.com/api7/api7-ee-3-dashboard/sdk/http/http.go:100.23,102.3 1 0
github.com/api7/api7-ee-3-dashboard/sdk/http/http.go:104.2,106.16 3 0
github.com/api7/api7-ee-3-dashboard/sdk/http/http.go:106.16,108.3 1 0
github.com/api7/api7-ee-3-dashboard/sdk/http/http.go:110.2,110.40 1 0
github.com/api7/api7-ee-3-dashboard/sdk/http/http.go:110.40,115.3 1 0
github.com/api7/api7-ee-3-dashboard/sdk/http/http.go:117.2,117.12 1 0
github.com/api7/api7-ee-3-dashboard/sdk/http/http.go:120.103,125.23 4 0
github.com/api7/api7-ee-3-dashboard/sdk/http/http.go:125.23,127.3 1 0
github.com/api7/api7-ee-3-dashboard/sdk/http/http.go:129.2,131.16 3 0
github.com/api7/api7-ee-3-dashboard/sdk/http/http.go:131.16,133.3 1 0
github.com/api7/api7-ee-3-dashboard/sdk/http/http.go:135.2,135.40 1 0
github.com/api7/api7-ee-3-dashboard/sdk/http/http.go:135.40,140.3 1 0
github.com/api7/api7-ee-3-dashboard/sdk/http/http.go:142.2,142.12 1 0
github.com/api7/api7-ee-3-dashboard/sdk/http/http.go:145.106,150.23 4 0
github.com/api7/api7-ee-3-dashboard/sdk/http/http.go:150.23,152.3 1 0
github.com/api7/api7-ee-3-dashboard/sdk/http/http.go:154.2,156.16 3 0
github.com/api7/api7-ee-3-dashboard/sdk/http/http.go:156.16,158.3 1 0
github.com/api7/api7-ee-3-dashboard/sdk/http/http.go:160.2,160.40 1 0
github.com/api7/api7-ee-3-dashboard/sdk/http/http.go:160.40,165.3 1 0
github.com/api7/api7-ee-3-dashboard/sdk/http/http.go:167.2,167.12 1 0
github.com/api7/api7-ee-3-dashboard/sdk/http/http.go:170.108,175.23 4 0
github.com/api7/api7-ee-3-dashboard/sdk/http/http.go:175.23,177.3 1 0
github.com/api7/api7-ee-3-dashboard/sdk/http/http.go:179.2,181.16 3 0
github.com/api7/api7-ee-3-dashboard/sdk/http/http.go:181.16,183.3 1 0
github.com/api7/api7-ee-3-dashboard/sdk/http/http.go:185.2,185.40 1 0
github.com/api7/api7-ee-3-dashboard/sdk/http/http.go:185.40,190.3 1 0
github.com/api7/api7-ee-3-dashboard/sdk/http/http.go:192.2,192.12 1 0
github.com/api7/api7-ee-3-dashboard/sdk/http/http.go:195.161,200.21 4 0
github.com/api7/api7-ee-3-dashboard/sdk/http/http.go:200.21,202.3 1 0
github.com/api7/api7-ee-3-dashboard/sdk/http/http.go:203.2,203.116 1 0
github.com/api7/api7-ee-3-dashboard/sdk/http/utils.go:8.46,9.21 1 1
github.com/api7/api7-ee-3-dashboard/sdk/http/utils.go:9.21,11.3 1 0
github.com/api7/api7-ee-3-dashboard/sdk/http/utils.go:13.2,14.16 2 1
github.com/api7/api7-ee-3-dashboard/sdk/http/utils.go:14.16,16.3 1 0
github.com/api7/api7-ee-3-dashboard/sdk/http/utils.go:18.2,20.33 3 1
